2025-08-15T00:04:02.098+05:30  INFO 4108 --- [Restuarant] [AsyncResolver-bootstrap-executor-%d] c.n.d.s.r.aws.ConfigClusterResolver      : Resolving eureka endpoints via configuration
2025-08-15T00:09:02.109+05:30  INFO 4108 --- [Restuarant] [AsyncResolver-bootstrap-executor-%d] c.n.d.s.r.aws.ConfigClusterResolver      : Resolving eureka endpoints via configuration
2025-08-15T00:14:02.112+05:30  INFO 4108 --- [Restuarant] [AsyncResolver-bootstrap-executor-%d] c.n.d.s.r.aws.ConfigClusterResolver      : Resolving eureka endpoints via configuration
2025-08-15T00:19:02.119+05:30  INFO 4108 --- [Restuarant] [AsyncResolver-bootstrap-executor-%d] c.n.d.s.r.aws.ConfigClusterResolver      : Resolving eureka endpoints via configuration
2025-08-15T00:24:02.128+05:30  INFO 4108 --- [Restuarant] [AsyncResolver-bootstrap-executor-%d] c.n.d.s.r.aws.ConfigClusterResolver      : Resolving eureka endpoints via configuration
2025-08-15T00:29:02.132+05:30  INFO 4108 --- [Restuarant] [AsyncResolver-bootstrap-executor-%d] c.n.d.s.r.aws.ConfigClusterResolver      : Resolving eureka endpoints via configuration
2025-08-15T00:34:02.142+05:30  INFO 4108 --- [Restuarant] [AsyncResolver-bootstrap-executor-%d] c.n.d.s.r.aws.ConfigClusterResolver      : Resolving eureka endpoints via configuration
2025-08-15T00:39:02.152+05:30  INFO 4108 --- [Restuarant] [AsyncResolver-bootstrap-executor-%d] c.n.d.s.r.aws.ConfigClusterResolver      : Resolving eureka endpoints via configuration
2025-08-15T00:44:02.162+05:30  INFO 4108 --- [Restuarant] [AsyncResolver-bootstrap-executor-%d] c.n.d.s.r.aws.ConfigClusterResolver      : Resolving eureka endpoints via configuration
2025-08-15T00:49:02.168+05:30  INFO 4108 --- [Restuarant] [AsyncResolver-bootstrap-executor-%d] c.n.d.s.r.aws.ConfigClusterResolver      : Resolving eureka endpoints via configuration
2025-08-15T00:54:02.176+05:30  INFO 4108 --- [Restuarant] [AsyncResolver-bootstrap-executor-%d] c.n.d.s.r.aws.ConfigClusterResolver      : Resolving eureka endpoints via configuration
2025-08-15T00:59:02.191+05:30  INFO 4108 --- [Restuarant] [AsyncResolver-bootstrap-executor-%d] c.n.d.s.r.aws.ConfigClusterResolver      : Resolving eureka endpoints via configuration
2025-08-15T01:01:24.732+05:30  WARN 4108 --- [Restuarant] [http-nio-8080-exec-8] .m.m.a.ExceptionHandlerExceptionResolver : Resolved [com.wipro.customexception.RES_NOT_FOUND_EXCEPTION: Restaurant not found with name: lucky]
2025-08-15T01:01:34.094+05:30  WARN 4108 --- [Restuarant] [http-nio-8080-exec-7] .m.m.a.ExceptionHandlerExceptionResolver : Resolved [com.wipro.customexception.RES_NOT_FOUND_EXCEPTION: Restaurant not found with name: lucky]
2025-08-15T01:02:14.210+05:30  INFO 4108 --- [Restuarant] [RMI TCP Connection(100)-127.0.0.1] inMXBeanRegistrar$SpringApplicationAdmin : Application shutdown requested.
2025-08-15T01:02:14.239+05:30  INFO 4108 --- [Restuarant] [RMI TCP Connection(100)-127.0.0.1] o.s.c.n.e.s.EurekaServiceRegistry        : Unregistering application RESTUARANT with eureka with status DOWN
2025-08-15T01:02:14.241+05:30  INFO 4108 --- [Restuarant] [RMI TCP Connection(100)-127.0.0.1] com.netflix.discovery.DiscoveryClient    : Saw local status change event StatusChangeEvent [timestamp=1755199934241, current=DOWN, previous=UP]
2025-08-15T01:02:14.242+05:30  INFO 4108 --- [Restuarant] [DiscoveryClient-InstanceInfoReplicator-%d] com.netflix.discovery.DiscoveryClient    : DiscoveryClient_RESTUARANT/chandu:Restuarant:8080: registering service...
2025-08-15T01:02:14.280+05:30  INFO 4108 --- [Restuarant] [DiscoveryClient-InstanceInfoReplicator-%d] com.netflix.discovery.DiscoveryClient    : DiscoveryClient_RESTUARANT/chandu:Restuarant:8080 - registration status: 204
2025-08-15T01:02:14.295+05:30  INFO 4108 --- [Restuarant] [RMI TCP Connection(100)-127.0.0.1] o.s.b.w.e.tomcat.GracefulShutdown        : Commencing graceful shutdown. Waiting for active requests to complete
2025-08-15T01:02:14.326+05:30  INFO 4108 --- [Restuarant] [tomcat-shutdown] o.s.b.w.e.tomcat.GracefulShutdown        : Graceful shutdown complete
2025-08-15T01:02:14.359+05:30  INFO 4108 --- [Restuarant] [RMI TCP Connection(100)-127.0.0.1] j.LocalContainerEntityManagerFactoryBean : Closing JPA EntityManagerFactory for persistence unit 'default'
2025-08-15T01:02:14.398+05:30  INFO 4108 --- [Restuarant] [RMI TCP Connection(100)-127.0.0.1] com.zaxxer.hikari.HikariDataSource       : HikariPool-1 - Shutdown initiated...
2025-08-15T01:02:14.409+05:30  INFO 4108 --- [Restuarant] [RMI TCP Connection(100)-127.0.0.1] com.zaxxer.hikari.HikariDataSource       : HikariPool-1 - Shutdown completed.
2025-08-15T01:02:14.412+05:30  INFO 4108 --- [Restuarant] [RMI TCP Connection(100)-127.0.0.1] com.netflix.discovery.DiscoveryClient    : Shutting down DiscoveryClient ...
2025-08-15T01:02:46.573+05:30  INFO 3896 --- [Restuarant] [restartedMain] com.wipro.RestuarantApplication          : Starting RestuarantApplication using Java 21.0.7 with PID 3896 (E:\projects-iiht-project\fooddeliveryapp\FoodDeliveryApp\Restuarant\target\classes started by uttam in E:\projects-iiht-project\fooddeliveryapp\FoodDeliveryApp\Restuarant)
2025-08-15T01:02:46.574+05:30  INFO 3896 --- [Restuarant] [restartedMain] com.wipro.RestuarantApplication          : No active profile set, falling back to 1 default profile: "default"
2025-08-15T01:02:46.624+05:30  INFO 3896 --- [Restuarant] [restartedMain] .e.DevToolsPropertyDefaultsPostProcessor : Devtools property defaults active! Set 'spring.devtools.add-properties' to 'false' to disable
2025-08-15T01:02:46.624+05:30  INFO 3896 --- [Restuarant] [restartedMain] .e.DevToolsPropertyDefaultsPostProcessor : For additional web related logging consider setting the 'logging.level.web' property to 'DEBUG'
2025-08-15T01:02:47.680+05:30  INFO 3896 --- [Restuarant] [restartedMain] .s.d.r.c.RepositoryConfigurationDelegate : Bootstrapping Spring Data JPA repositories in DEFAULT mode.
2025-08-15T01:02:47.817+05:30  INFO 3896 --- [Restuarant] [restartedMain] .s.d.r.c.RepositoryConfigurationDelegate : Finished Spring Data repository scanning in 127 ms. Found 1 JPA repository interface.
2025-08-15T01:02:47.992+05:30  INFO 3896 --- [Restuarant] [restartedMain] o.s.cloud.context.scope.GenericScope     : BeanFactory id=fca74a91-026b-3347-a1a7-7c60e91a0886
2025-08-15T01:02:48.472+05:30  INFO 3896 --- [Restuarant] [restartedMain] o.s.b.w.embedded.tomcat.TomcatWebServer  : Tomcat initialized with port 8080 (http)
2025-08-15T01:02:48.487+05:30  INFO 3896 --- [Restuarant] [restartedMain] o.apache.catalina.core.StandardService   : Starting service [Tomcat]
2025-08-15T01:02:48.487+05:30  INFO 3896 --- [Restuarant] [restartedMain] o.apache.catalina.core.StandardEngine    : Starting Servlet engine: [Apache Tomcat/10.1.43]
2025-08-15T01:02:48.544+05:30  INFO 3896 --- [Restuarant] [restartedMain] o.a.c.c.C.[Tomcat].[localhost].[/]       : Initializing Spring embedded WebApplicationContext
2025-08-15T01:02:48.545+05:30  INFO 3896 --- [Restuarant] [restartedMain] w.s.c.ServletWebServerApplicationContext : Root WebApplicationContext: initialization completed in 1919 ms
2025-08-15T01:02:48.896+05:30  INFO 3896 --- [Restuarant] [restartedMain] o.hibernate.jpa.internal.util.LogHelper  : HHH000204: Processing PersistenceUnitInfo [name: default]
2025-08-15T01:02:48.946+05:30  INFO 3896 --- [Restuarant] [restartedMain] org.hibernate.Version                    : HHH000412: Hibernate ORM core version 6.6.22.Final
2025-08-15T01:02:48.978+05:30  INFO 3896 --- [Restuarant] [restartedMain] o.h.c.internal.RegionFactoryInitiator    : HHH000026: Second-level cache disabled
2025-08-15T01:02:49.231+05:30  INFO 3896 --- [Restuarant] [restartedMain] o.s.o.j.p.SpringPersistenceUnitInfo      : No LoadTimeWeaver setup: ignoring JPA class transformer
2025-08-15T01:02:49.260+05:30  INFO 3896 --- [Restuarant] [restartedMain] com.zaxxer.hikari.HikariDataSource       : HikariPool-1 - Starting...
2025-08-15T01:02:49.599+05:30  INFO 3896 --- [Restuarant] [restartedMain] com.zaxxer.hikari.pool.HikariPool        : HikariPool-1 - Added connection com.mysql.cj.jdbc.ConnectionImpl@1f2364e8
2025-08-15T01:02:49.602+05:30  INFO 3896 --- [Restuarant] [restartedMain] com.zaxxer.hikari.HikariDataSource       : HikariPool-1 - Start completed.
2025-08-15T01:02:49.663+05:30  WARN 3896 --- [Restuarant] [restartedMain] org.hibernate.orm.deprecation            : HHH90000025: MySQLDialect does not need to be specified explicitly using 'hibernate.dialect' (remove the property setting and it will be selected by default)
2025-08-15T01:02:49.680+05:30  INFO 3896 --- [Restuarant] [restartedMain] org.hibernate.orm.connections.pooling    : HHH10001005: Database info:
	Database JDBC URL [Connecting through datasource 'HikariDataSource (HikariPool-1)']
	Database driver: undefined/unknown
	Database version: 8.0.41
	Autocommit mode: undefined/unknown
	Isolation level: undefined/unknown
	Minimum pool size: undefined/unknown
	Maximum pool size: undefined/unknown
2025-08-15T01:02:50.467+05:30  INFO 3896 --- [Restuarant] [restartedMain] o.h.e.t.j.p.i.JtaPlatformInitiator       : HHH000489: No JTA platform available (set 'hibernate.transaction.jta.platform' to enable JTA platform integration)
2025-08-15T01:02:50.522+05:30  INFO 3896 --- [Restuarant] [restartedMain] j.LocalContainerEntityManagerFactoryBean : Initialized JPA EntityManagerFactory for persistence unit 'default'
2025-08-15T01:02:50.751+05:30  INFO 3896 --- [Restuarant] [restartedMain] o.s.d.j.r.query.QueryEnhancerFactory     : Hibernate is in classpath; If applicable, HQL parser will be used.
2025-08-15T01:02:51.253+05:30  WARN 3896 --- [Restuarant] [restartedMain] JpaBaseConfiguration$JpaWebConfiguration : spring.jpa.open-in-view is enabled by default. Therefore, database queries may be performed during view rendering. Explicitly configure spring.jpa.open-in-view to disable this warning
2025-08-15T01:02:51.871+05:30  INFO 3896 --- [Restuarant] [restartedMain] o.s.b.d.a.OptionalLiveReloadServer       : LiveReload server is running on port 35729
2025-08-15T01:02:51.908+05:30  INFO 3896 --- [Restuarant] [restartedMain] DiscoveryClientOptionalArgsConfiguration : Eureka HTTP Client uses RestTemplate.
2025-08-15T01:02:51.946+05:30  WARN 3896 --- [Restuarant] [restartedMain] iguration$LoadBalancerCaffeineWarnLogger : Spring Cloud LoadBalancer is currently working with the default cache. While this cache implementation is useful for development and tests, it's recommended to use Caffeine cache in production.You can switch to using Caffeine cache, by adding it and org.springframework.cache.caffeine.CaffeineCacheManager to the classpath.
2025-08-15T01:02:51.954+05:30  INFO 3896 --- [Restuarant] [restartedMain] o.s.b.a.e.web.EndpointLinksResolver      : Exposing 1 endpoint beneath base path '/actuator'
2025-08-15T01:02:52.056+05:30  INFO 3896 --- [Restuarant] [restartedMain] o.s.c.n.eureka.InstanceInfoFactory       : Setting initial instance status as: STARTING
2025-08-15T01:02:52.080+05:30  INFO 3896 --- [Restuarant] [restartedMain] com.netflix.discovery.DiscoveryClient    : Initializing Eureka in region us-east-1
2025-08-15T01:02:52.085+05:30  INFO 3896 --- [Restuarant] [restartedMain] c.n.d.s.r.aws.ConfigClusterResolver      : Resolving eureka endpoints via configuration
2025-08-15T01:02:52.092+05:30  INFO 3896 --- [Restuarant] [restartedMain] com.netflix.discovery.DiscoveryClient    : Disable delta property : false
2025-08-15T01:02:52.092+05:30  INFO 3896 --- [Restuarant] [restartedMain] com.netflix.discovery.DiscoveryClient    : Single vip registry refresh property : null
2025-08-15T01:02:52.093+05:30  INFO 3896 --- [Restuarant] [restartedMain] com.netflix.discovery.DiscoveryClient    : Force full registry fetch : false
2025-08-15T01:02:52.093+05:30  INFO 3896 --- [Restuarant] [restartedMain] com.netflix.discovery.DiscoveryClient    : Application is null : false
2025-08-15T01:02:52.093+05:30  INFO 3896 --- [Restuarant] [restartedMain] com.netflix.discovery.DiscoveryClient    : Registered Applications size is zero : true
2025-08-15T01:02:52.093+05:30  INFO 3896 --- [Restuarant] [restartedMain] com.netflix.discovery.DiscoveryClient    : Application version is -1: true
2025-08-15T01:02:52.093+05:30  INFO 3896 --- [Restuarant] [restartedMain] com.netflix.discovery.DiscoveryClient    : Getting all instance registry info from the eureka server
2025-08-15T01:02:52.414+05:30  INFO 3896 --- [Restuarant] [restartedMain] com.netflix.discovery.DiscoveryClient    : The response status is 200
2025-08-15T01:02:52.417+05:30  INFO 3896 --- [Restuarant] [restartedMain] com.netflix.discovery.DiscoveryClient    : Starting heartbeat executor: renew interval is: 30
2025-08-15T01:02:52.418+05:30  INFO 3896 --- [Restuarant] [restartedMain] c.n.discovery.InstanceInfoReplicator     : InstanceInfoReplicator onDemand update allowed rate per min is 4
2025-08-15T01:02:52.420+05:30  INFO 3896 --- [Restuarant] [restartedMain] com.netflix.discovery.DiscoveryClient    : Discovery Client initialized at timestamp 1755199972419 with initial instances count: 0
2025-08-15T01:02:52.425+05:30  INFO 3896 --- [Restuarant] [restartedMain] o.s.c.n.e.s.EurekaServiceRegistry        : Registering application RESTUARANT with eureka with status UP
2025-08-15T01:02:52.427+05:30  INFO 3896 --- [Restuarant] [restartedMain] com.netflix.discovery.DiscoveryClient    : Saw local status change event StatusChangeEvent [timestamp=1755199972427, current=UP, previous=STARTING]
2025-08-15T01:02:52.429+05:30  INFO 3896 --- [Restuarant] [DiscoveryClient-InstanceInfoReplicator-%d] com.netflix.discovery.DiscoveryClient    : DiscoveryClient_RESTUARANT/chandu:Restuarant:8080: registering service...
2025-08-15T01:02:52.454+05:30  INFO 3896 --- [Restuarant] [restartedMain] o.s.b.w.embedded.tomcat.TomcatWebServer  : Tomcat started on port 8080 (http) with context path '/'
2025-08-15T01:02:52.455+05:30  INFO 3896 --- [Restuarant] [restartedMain] .s.c.n.e.s.EurekaAutoServiceRegistration : Updating port to 8080
2025-08-15T01:02:52.476+05:30  INFO 3896 --- [Restuarant] [DiscoveryClient-InstanceInfoReplicator-%d] com.netflix.discovery.DiscoveryClient    : DiscoveryClient_RESTUARANT/chandu:Restuarant:8080 - registration status: 204
2025-08-15T01:02:52.484+05:30  INFO 3896 --- [Restuarant] [restartedMain] com.wipro.RestuarantApplication          : Started RestuarantApplication in 6.354 seconds (process running for 7.215)
2025-08-15T01:02:53.089+05:30  INFO 3896 --- [Restuarant] [RMI TCP Connection(6)-127.0.0.1] o.a.c.c.C.[Tomcat].[localhost].[/]       : Initializing Spring DispatcherServlet 'dispatcherServlet'
2025-08-15T01:02:53.089+05:30  INFO 3896 --- [Restuarant] [RMI TCP Connection(6)-127.0.0.1] o.s.web.servlet.DispatcherServlet        : Initializing Servlet 'dispatcherServlet'
2025-08-15T01:02:53.091+05:30  INFO 3896 --- [Restuarant] [RMI TCP Connection(6)-127.0.0.1] o.s.web.servlet.DispatcherServlet        : Completed initialization in 2 ms
2025-08-15T01:03:22.428+05:30  INFO 3896 --- [Restuarant] [DiscoveryClient-CacheRefreshExecutor-%d] com.netflix.discovery.DiscoveryClient    : Disable delta property : false
2025-08-15T01:03:22.428+05:30  INFO 3896 --- [Restuarant] [DiscoveryClient-CacheRefreshExecutor-%d] com.netflix.discovery.DiscoveryClient    : Single vip registry refresh property : null
2025-08-15T01:03:22.428+05:30  INFO 3896 --- [Restuarant] [DiscoveryClient-CacheRefreshExecutor-%d] com.netflix.discovery.DiscoveryClient    : Force full registry fetch : false
2025-08-15T01:03:22.428+05:30  INFO 3896 --- [Restuarant] [DiscoveryClient-CacheRefreshExecutor-%d] com.netflix.discovery.DiscoveryClient    : Application is null : false
2025-08-15T01:03:22.428+05:30  INFO 3896 --- [Restuarant] [DiscoveryClient-CacheRefreshExecutor-%d] com.netflix.discovery.DiscoveryClient    : Registered Applications size is zero : true
2025-08-15T01:03:22.428+05:30  INFO 3896 --- [Restuarant] [DiscoveryClient-CacheRefreshExecutor-%d] com.netflix.discovery.DiscoveryClient    : Application version is -1: false
2025-08-15T01:03:22.428+05:30  INFO 3896 --- [Restuarant] [DiscoveryClient-CacheRefreshExecutor-%d] com.netflix.discovery.DiscoveryClient    : Getting all instance registry info from the eureka server
2025-08-15T01:03:22.450+05:30  INFO 3896 --- [Restuarant] [DiscoveryClient-CacheRefreshExecutor-%d] com.netflix.discovery.DiscoveryClient    : The response status is 200
2025-08-15T01:04:48.026+05:30  INFO 3896 --- [Restuarant] [RMI TCP Connection(12)-127.0.0.1] inMXBeanRegistrar$SpringApplicationAdmin : Application shutdown requested.
2025-08-15T01:04:48.027+05:30  INFO 3896 --- [Restuarant] [RMI TCP Connection(12)-127.0.0.1] o.s.c.n.e.s.EurekaServiceRegistry        : Unregistering application RESTUARANT with eureka with status DOWN
2025-08-15T01:04:48.028+05:30  INFO 3896 --- [Restuarant] [RMI TCP Connection(12)-127.0.0.1] com.netflix.discovery.DiscoveryClient    : Saw local status change event StatusChangeEvent [timestamp=1755200088028, current=DOWN, previous=UP]
2025-08-15T01:04:48.028+05:30  INFO 3896 --- [Restuarant] [DiscoveryClient-InstanceInfoReplicator-%d] com.netflix.discovery.DiscoveryClient    : DiscoveryClient_RESTUARANT/chandu:Restuarant:8080: registering service...
2025-08-15T01:04:48.031+05:30  INFO 3896 --- [Restuarant] [RMI TCP Connection(12)-127.0.0.1] o.s.b.w.e.tomcat.GracefulShutdown        : Commencing graceful shutdown. Waiting for active requests to complete
2025-08-15T01:04:48.048+05:30  INFO 3896 --- [Restuarant] [DiscoveryClient-InstanceInfoReplicator-%d] com.netflix.discovery.DiscoveryClient    : DiscoveryClient_RESTUARANT/chandu:Restuarant:8080 - registration status: 204
2025-08-15T01:04:48.050+05:30  INFO 3896 --- [Restuarant] [tomcat-shutdown] o.s.b.w.e.tomcat.GracefulShutdown        : Graceful shutdown complete
2025-08-15T01:04:48.057+05:30  INFO 3896 --- [Restuarant] [RMI TCP Connection(12)-127.0.0.1] j.LocalContainerEntityManagerFactoryBean : Closing JPA EntityManagerFactory for persistence unit 'default'
2025-08-15T01:04:48.060+05:30  INFO 3896 --- [Restuarant] [RMI TCP Connection(12)-127.0.0.1] com.zaxxer.hikari.HikariDataSource       : HikariPool-1 - Shutdown initiated...
2025-08-15T01:04:48.067+05:30  INFO 3896 --- [Restuarant] [RMI TCP Connection(12)-127.0.0.1] com.zaxxer.hikari.HikariDataSource       : HikariPool-1 - Shutdown completed.
2025-08-15T01:04:48.068+05:30  INFO 3896 --- [Restuarant] [RMI TCP Connection(12)-127.0.0.1] com.netflix.discovery.DiscoveryClient    : Shutting down DiscoveryClient ...
2025-08-15T15:19:02.537+05:30  INFO 18052 --- [Restuarant] [restartedMain] [                                                 ] com.wipro.RestuarantApplication          : Starting RestuarantApplication using Java 21.0.7 with PID 18052 (E:\projects-iiht-project\fooddeliveryapp\FoodDeliveryApp\Restuarant\target\classes started by uttam in E:\projects-iiht-project\fooddeliveryapp\FoodDeliveryApp\Restuarant)
2025-08-15T15:19:02.541+05:30  INFO 18052 --- [Restuarant] [restartedMain] [                                                 ] com.wipro.RestuarantApplication          : No active profile set, falling back to 1 default profile: "default"
2025-08-15T15:19:02.586+05:30  INFO 18052 --- [Restuarant] [restartedMain] [                                                 ] .e.DevToolsPropertyDefaultsPostProcessor : Devtools property defaults active! Set 'spring.devtools.add-properties' to 'false' to disable
2025-08-15T15:19:02.586+05:30  INFO 18052 --- [Restuarant] [restartedMain] [                                                 ] .e.DevToolsPropertyDefaultsPostProcessor : For additional web related logging consider setting the 'logging.level.web' property to 'DEBUG'
2025-08-15T15:19:03.930+05:30  INFO 18052 --- [Restuarant] [restartedMain] [                                                 ] .s.d.r.c.RepositoryConfigurationDelegate : Bootstrapping Spring Data JPA repositories in DEFAULT mode.
2025-08-15T15:19:04.071+05:30  INFO 18052 --- [Restuarant] [restartedMain] [                                                 ] .s.d.r.c.RepositoryConfigurationDelegate : Finished Spring Data repository scanning in 131 ms. Found 1 JPA repository interface.
2025-08-15T15:19:04.304+05:30  INFO 18052 --- [Restuarant] [restartedMain] [                                                 ] o.s.cloud.context.scope.GenericScope     : BeanFactory id=36ddf74a-a298-398a-9469-e46471b139fa
2025-08-15T15:19:05.118+05:30  INFO 18052 --- [Restuarant] [restartedMain] [                                                 ] o.s.b.w.embedded.tomcat.TomcatWebServer  : Tomcat initialized with port 8080 (http)
2025-08-15T15:19:05.132+05:30  INFO 18052 --- [Restuarant] [restartedMain] [                                                 ] o.apache.catalina.core.StandardService   : Starting service [Tomcat]
2025-08-15T15:19:05.132+05:30  INFO 18052 --- [Restuarant] [restartedMain] [                                                 ] o.apache.catalina.core.StandardEngine    : Starting Servlet engine: [Apache Tomcat/10.1.43]
2025-08-15T15:19:05.196+05:30  INFO 18052 --- [Restuarant] [restartedMain] [                                                 ] o.a.c.c.C.[Tomcat].[localhost].[/]       : Initializing Spring embedded WebApplicationContext
2025-08-15T15:19:05.197+05:30  INFO 18052 --- [Restuarant] [restartedMain] [                                                 ] w.s.c.ServletWebServerApplicationContext : Root WebApplicationContext: initialization completed in 2609 ms
2025-08-15T15:19:05.922+05:30  INFO 18052 --- [Restuarant] [restartedMain] [                                                 ] o.hibernate.jpa.internal.util.LogHelper  : HHH000204: Processing PersistenceUnitInfo [name: default]
2025-08-15T15:19:06.007+05:30  INFO 18052 --- [Restuarant] [restartedMain] [                                                 ] org.hibernate.Version                    : HHH000412: Hibernate ORM core version 6.6.22.Final
2025-08-15T15:19:06.058+05:30  INFO 18052 --- [Restuarant] [restartedMain] [                                                 ] o.h.c.internal.RegionFactoryInitiator    : HHH000026: Second-level cache disabled
2025-08-15T15:19:06.383+05:30  INFO 18052 --- [Restuarant] [restartedMain] [                                                 ] o.s.o.j.p.SpringPersistenceUnitInfo      : No LoadTimeWeaver setup: ignoring JPA class transformer
2025-08-15T15:19:06.420+05:30  INFO 18052 --- [Restuarant] [restartedMain] [                                                 ] com.zaxxer.hikari.HikariDataSource       : HikariPool-1 - Starting...
2025-08-15T15:19:07.064+05:30  INFO 18052 --- [Restuarant] [restartedMain] [                                                 ] com.zaxxer.hikari.pool.HikariPool        : HikariPool-1 - Added connection com.mysql.cj.jdbc.ConnectionImpl@6ac16a23
2025-08-15T15:19:07.067+05:30  INFO 18052 --- [Restuarant] [restartedMain] [                                                 ] com.zaxxer.hikari.HikariDataSource       : HikariPool-1 - Start completed.
2025-08-15T15:19:07.227+05:30  WARN 18052 --- [Restuarant] [restartedMain] [                                                 ] org.hibernate.orm.deprecation            : HHH90000025: MySQLDialect does not need to be specified explicitly using 'hibernate.dialect' (remove the property setting and it will be selected by default)
2025-08-15T15:19:07.257+05:30  INFO 18052 --- [Restuarant] [restartedMain] [                                                 ] org.hibernate.orm.connections.pooling    : HHH10001005: Database info:
	Database JDBC URL [Connecting through datasource 'HikariDataSource (HikariPool-1)']
	Database driver: undefined/unknown
	Database version: 8.0.41
	Autocommit mode: undefined/unknown
	Isolation level: undefined/unknown
	Minimum pool size: undefined/unknown
	Maximum pool size: undefined/unknown
2025-08-15T15:19:08.236+05:30  INFO 18052 --- [Restuarant] [restartedMain] [                                                 ] o.h.e.t.j.p.i.JtaPlatformInitiator       : HHH000489: No JTA platform available (set 'hibernate.transaction.jta.platform' to enable JTA platform integration)
2025-08-15T15:19:08.451+05:30  INFO 18052 --- [Restuarant] [restartedMain] [                                                 ] j.LocalContainerEntityManagerFactoryBean : Initialized JPA EntityManagerFactory for persistence unit 'default'
2025-08-15T15:19:08.788+05:30  INFO 18052 --- [Restuarant] [restartedMain] [                                                 ] o.s.d.j.r.query.QueryEnhancerFactory     : Hibernate is in classpath; If applicable, HQL parser will be used.
2025-08-15T15:19:09.442+05:30  WARN 18052 --- [Restuarant] [restartedMain] [                                                 ] JpaBaseConfiguration$JpaWebConfiguration : spring.jpa.open-in-view is enabled by default. Therefore, database queries may be performed during view rendering. Explicitly configure spring.jpa.open-in-view to disable this warning
2025-08-15T15:19:10.520+05:30  INFO 18052 --- [Restuarant] [restartedMain] [                                                 ] o.s.b.d.a.OptionalLiveReloadServer       : LiveReload server is running on port 35729
2025-08-15T15:19:10.564+05:30  INFO 18052 --- [Restuarant] [restartedMain] [                                                 ] DiscoveryClientOptionalArgsConfiguration : Eureka HTTP Client uses RestTemplate.
2025-08-15T15:19:10.620+05:30  WARN 18052 --- [Restuarant] [restartedMain] [                                                 ] iguration$LoadBalancerCaffeineWarnLogger : Spring Cloud LoadBalancer is currently working with the default cache. While this cache implementation is useful for development and tests, it's recommended to use Caffeine cache in production.You can switch to using Caffeine cache, by adding it and org.springframework.cache.caffeine.CaffeineCacheManager to the classpath.
2025-08-15T15:19:10.630+05:30  INFO 18052 --- [Restuarant] [restartedMain] [                                                 ] o.s.b.a.e.web.EndpointLinksResolver      : Exposing 18 endpoints beneath base path '/actuator'
2025-08-15T15:19:10.785+05:30  INFO 18052 --- [Restuarant] [restartedMain] [                                                 ] o.s.c.n.eureka.InstanceInfoFactory       : Setting initial instance status as: STARTING
2025-08-15T15:19:10.811+05:30  INFO 18052 --- [Restuarant] [restartedMain] [                                                 ] com.netflix.discovery.DiscoveryClient    : Initializing Eureka in region us-east-1
2025-08-15T15:19:10.816+05:30  INFO 18052 --- [Restuarant] [restartedMain] [                                                 ] c.n.d.s.r.aws.ConfigClusterResolver      : Resolving eureka endpoints via configuration
2025-08-15T15:19:10.826+05:30  INFO 18052 --- [Restuarant] [restartedMain] [                                                 ] com.netflix.discovery.DiscoveryClient    : Disable delta property : false
2025-08-15T15:19:10.826+05:30  INFO 18052 --- [Restuarant] [restartedMain] [                                                 ] com.netflix.discovery.DiscoveryClient    : Single vip registry refresh property : null
2025-08-15T15:19:10.826+05:30  INFO 18052 --- [Restuarant] [restartedMain] [                                                 ] com.netflix.discovery.DiscoveryClient    : Force full registry fetch : false
2025-08-15T15:19:10.827+05:30  INFO 18052 --- [Restuarant] [restartedMain] [                                                 ] com.netflix.discovery.DiscoveryClient    : Application is null : false
2025-08-15T15:19:10.827+05:30  INFO 18052 --- [Restuarant] [restartedMain] [                                                 ] com.netflix.discovery.DiscoveryClient    : Registered Applications size is zero : true
2025-08-15T15:19:10.827+05:30  INFO 18052 --- [Restuarant] [restartedMain] [                                                 ] com.netflix.discovery.DiscoveryClient    : Application version is -1: true
2025-08-15T15:19:10.827+05:30  INFO 18052 --- [Restuarant] [restartedMain] [                                                 ] com.netflix.discovery.DiscoveryClient    : Getting all instance registry info from the eureka server
2025-08-15T15:19:11.267+05:30  INFO 18052 --- [Restuarant] [restartedMain] [                                                 ] com.netflix.discovery.DiscoveryClient    : The response status is 200
2025-08-15T15:19:11.269+05:30  INFO 18052 --- [Restuarant] [restartedMain] [                                                 ] com.netflix.discovery.DiscoveryClient    : Starting heartbeat executor: renew interval is: 30
2025-08-15T15:19:11.273+05:30  INFO 18052 --- [Restuarant] [restartedMain] [                                                 ] c.n.discovery.InstanceInfoReplicator     : InstanceInfoReplicator onDemand update allowed rate per min is 4
2025-08-15T15:19:11.275+05:30  INFO 18052 --- [Restuarant] [restartedMain] [                                                 ] com.netflix.discovery.DiscoveryClient    : Discovery Client initialized at timestamp 1755251351275 with initial instances count: 1
2025-08-15T15:19:11.283+05:30  INFO 18052 --- [Restuarant] [restartedMain] [                                                 ] o.s.c.n.e.s.EurekaServiceRegistry        : Registering application RESTUARANT with eureka with status UP
2025-08-15T15:19:11.284+05:30  INFO 18052 --- [Restuarant] [restartedMain] [                                                 ] com.netflix.discovery.DiscoveryClient    : Saw local status change event StatusChangeEvent [timestamp=1755251351284, current=UP, previous=STARTING]
2025-08-15T15:19:11.287+05:30  INFO 18052 --- [Restuarant] [DiscoveryClient-InstanceInfoReplicator-%d] [                                                 ] com.netflix.discovery.DiscoveryClient    : DiscoveryClient_RESTUARANT/chandu:Restuarant:8080: registering service...
2025-08-15T15:19:11.302+05:30  INFO 18052 --- [Restuarant] [restartedMain] [                                                 ] o.s.b.w.embedded.tomcat.TomcatWebServer  : Tomcat started on port 8080 (http) with context path '/'
2025-08-15T15:19:11.304+05:30  INFO 18052 --- [Restuarant] [restartedMain] [                                                 ] .s.c.n.e.s.EurekaAutoServiceRegistration : Updating port to 8080
2025-08-15T15:19:11.332+05:30  INFO 18052 --- [Restuarant] [restartedMain] [                                                 ] com.wipro.RestuarantApplication          : Started RestuarantApplication in 9.297 seconds (process running for 10.248)
2025-08-15T15:19:11.342+05:30  INFO 18052 --- [Restuarant] [DiscoveryClient-InstanceInfoReplicator-%d] [                                                 ] com.netflix.discovery.DiscoveryClient    : DiscoveryClient_RESTUARANT/chandu:Restuarant:8080 - registration status: 204
2025-08-15T15:19:11.666+05:30  INFO 18052 --- [Restuarant] [RMI TCP Connection(9)-127.0.0.1] [                                                 ] o.a.c.c.C.[Tomcat].[localhost].[/]       : Initializing Spring DispatcherServlet 'dispatcherServlet'
2025-08-15T15:19:11.666+05:30  INFO 18052 --- [Restuarant] [RMI TCP Connection(9)-127.0.0.1] [                                                 ] o.s.web.servlet.DispatcherServlet        : Initializing Servlet 'dispatcherServlet'
2025-08-15T15:19:11.668+05:30  INFO 18052 --- [Restuarant] [RMI TCP Connection(9)-127.0.0.1] [                                                 ] o.s.web.servlet.DispatcherServlet        : Completed initialization in 2 ms
2025-08-15T15:19:12.416+05:30  WARN 18052 --- [Restuarant] [AsyncReporter{ZipkinHttpClientSender{http://localhost:9411/api/v2/spans}}] [                                                 ] z.r.i.AsyncReporter$BoundedAsyncReporter : Spans were dropped due to exceptions. All subsequent errors will be logged at FINE level.
2025-08-15T15:19:12.416+05:30  WARN 18052 --- [Restuarant] [AsyncReporter{ZipkinHttpClientSender{http://localhost:9411/api/v2/spans}}] [                                                 ] z.r.i.AsyncReporter$BoundedAsyncReporter : Dropped 2 spans due to ConnectException()

java.net.ConnectException: null
	at java.net.http/jdk.internal.net.http.HttpClientImpl.send(HttpClientImpl.java:952) ~[java.net.http:na]
	at java.net.http/jdk.internal.net.http.HttpClientFacade.send(HttpClientFacade.java:133) ~[java.net.http:na]
	at org.springframework.boot.actuate.autoconfigure.tracing.zipkin.ZipkinHttpClientSender.postSpans(ZipkinHttpClientSender.java:60) ~[spring-boot-actuator-autoconfigure-3.5.4.jar:3.5.4]
	at org.springframework.boot.actuate.autoconfigure.tracing.zipkin.HttpSender.postSpans(HttpSender.java:69) ~[spring-boot-actuator-autoconfigure-3.5.4.jar:3.5.4]
	at org.springframework.boot.actuate.autoconfigure.tracing.zipkin.HttpSender.postSpans(HttpSender.java:41) ~[spring-boot-actuator-autoconfigure-3.5.4.jar:3.5.4]
	at zipkin2.reporter.BaseHttpSender.send(BaseHttpSender.java:123) ~[zipkin-reporter-3.5.1.jar:na]
	at zipkin2.reporter.internal.AsyncReporter$BoundedAsyncReporter.flush(AsyncReporter.java:266) ~[zipkin-reporter-3.5.1.jar:na]
	at zipkin2.reporter.internal.AsyncReporter$Flusher.run(AsyncReporter.java:352) ~[zipkin-reporter-3.5.1.jar:na]
	at java.base/java.lang.Thread.run(Thread.java:1583) ~[na:na]
Caused by: java.net.ConnectException: null
	at java.net.http/jdk.internal.net.http.common.Utils.toConnectException(Utils.java:1041) ~[java.net.http:na]
	at java.net.http/jdk.internal.net.http.PlainHttpConnection.connectAsync(PlainHttpConnection.java:227) ~[java.net.http:na]
	at java.net.http/jdk.internal.net.http.PlainHttpConnection.checkRetryConnect(PlainHttpConnection.java:280) ~[java.net.http:na]
	at java.net.http/jdk.internal.net.http.PlainHttpConnection.lambda$connectAsync$2(PlainHttpConnection.java:238) ~[java.net.http:na]
	at java.base/java.util.concurrent.CompletableFuture.uniHandle(CompletableFuture.java:934) ~[na:na]
	at java.base/java.util.concurrent.CompletableFuture$UniHandle.tryFire(CompletableFuture.java:911) ~[na:na]
	at java.base/java.util.concurrent.CompletableFuture.postComplete(CompletableFuture.java:510) ~[na:na]
	at java.base/java.util.concurrent.CompletableFuture$AsyncSupply.run(CompletableFuture.java:1773) ~[na:na]
	at java.base/java.util.concurrent.ThreadPoolExecutor.runWorker(ThreadPoolExecutor.java:1144) ~[na:na]
	at java.base/java.util.concurrent.ThreadPoolExecutor$Worker.run(ThreadPoolExecutor.java:642) ~[na:na]
	... 1 common frames omitted
Caused by: java.nio.channels.ClosedChannelException: null
	at java.base/sun.nio.ch.SocketChannelImpl.ensureOpen(SocketChannelImpl.java:202) ~[na:na]
	at java.base/sun.nio.ch.SocketChannelImpl.beginConnect(SocketChannelImpl.java:786) ~[na:na]
	at java.base/sun.nio.ch.SocketChannelImpl.connect(SocketChannelImpl.java:874) ~[na:na]
	at java.net.http/jdk.internal.net.http.PlainHttpConnection.lambda$connectAsync$1(PlainHttpConnection.java:210) ~[java.net.http:na]
	at java.base/java.security.AccessController.doPrivileged(AccessController.java:571) ~[na:na]
	at java.net.http/jdk.internal.net.http.PlainHttpConnection.connectAsync(PlainHttpConnection.java:212) ~[java.net.http:na]
	... 9 common frames omitted

2025-08-15T15:24:10.831+05:30  INFO 18052 --- [Restuarant] [AsyncResolver-bootstrap-executor-%d] [                                                 ] c.n.d.s.r.aws.ConfigClusterResolver      : Resolving eureka endpoints via configuration
2025-08-15T15:29:10.845+05:30  INFO 18052 --- [Restuarant] [AsyncResolver-bootstrap-executor-%d] [                                                 ] c.n.d.s.r.aws.ConfigClusterResolver      : Resolving eureka endpoints via configuration
2025-08-15T15:34:10.855+05:30  INFO 18052 --- [Restuarant] [AsyncResolver-bootstrap-executor-%d] [                                                 ] c.n.d.s.r.aws.ConfigClusterResolver      : Resolving eureka endpoints via configuration
2025-08-15T15:39:10.862+05:30  INFO 18052 --- [Restuarant] [AsyncResolver-bootstrap-executor-%d] [                                                 ] c.n.d.s.r.aws.ConfigClusterResolver      : Resolving eureka endpoints via configuration
2025-08-15T15:44:10.870+05:30  INFO 18052 --- [Restuarant] [AsyncResolver-bootstrap-executor-%d] [                                                 ] c.n.d.s.r.aws.ConfigClusterResolver      : Resolving eureka endpoints via configuration
2025-08-15T15:48:41.559+05:30  INFO 18052 --- [Restuarant] [http-nio-8080-exec-7] [689f0981caf8f4fa2e3cdc514dc071f0-2e3cdc514dc071f0] com.wipro.aop.LoggingAspect              : Entering method: Restuarant com.wipro.controllers.ResController.createres(Restuarant) with args: [Restuarant(resId=null, name=lucky, address=andhraPradesh, type=indian)]
2025-08-15T15:48:41.564+05:30  INFO 18052 --- [Restuarant] [http-nio-8080-exec-7] [689f0981caf8f4fa2e3cdc514dc071f0-2e3cdc514dc071f0] com.wipro.aop.LoggingAspect              : Entering method: Restuarant com.wipro.service.ResService.createres(Restuarant) with args: [Restuarant(resId=null, name=lucky, address=andhraPradesh, type=indian)]
2025-08-15T15:48:41.565+05:30  INFO 18052 --- [Restuarant] [http-nio-8080-exec-7] [689f0981caf8f4fa2e3cdc514dc071f0-2e3cdc514dc071f0] com.wipro.service.ResService             : Creating restaurant: lucky
2025-08-15T15:48:42.194+05:30  INFO 18052 --- [Restuarant] [http-nio-8080-exec-7] [689f0981caf8f4fa2e3cdc514dc071f0-2e3cdc514dc071f0] com.wipro.aop.LoggingAspect              : Exiting method: Restuarant com.wipro.service.ResService.createres(Restuarant) with result: Restuarant(resId=2, name=lucky, address=andhraPradesh, type=indian)
2025-08-15T15:48:42.195+05:30  INFO 18052 --- [Restuarant] [http-nio-8080-exec-7] [689f0981caf8f4fa2e3cdc514dc071f0-2e3cdc514dc071f0] com.wipro.aop.LoggingAspect              : Exiting method: Restuarant com.wipro.controllers.ResController.createres(Restuarant) with result: Restuarant(resId=2, name=lucky, address=andhraPradesh, type=indian)
2025-08-15T15:49:08.674+05:30  INFO 18052 --- [Restuarant] [http-nio-8080-exec-8] [689f099c2bc3148934dd5a784a3bfb99-34dd5a784a3bfb99] com.wipro.aop.LoggingAspect              : Entering method: Page com.wipro.controllers.ResController.getRes(Pageable) with args: [Page request [number: 0, size 20, sort: UNSORTED]]
2025-08-15T15:49:08.676+05:30  INFO 18052 --- [Restuarant] [http-nio-8080-exec-8] [689f099c2bc3148934dd5a784a3bfb99-34dd5a784a3bfb99] com.wipro.aop.LoggingAspect              : Entering method: Page com.wipro.service.ResService.getRes(Pageable) with args: [Page request [number: 0, size 20, sort: UNSORTED]]
2025-08-15T15:49:08.676+05:30  INFO 18052 --- [Restuarant] [http-nio-8080-exec-8] [689f099c2bc3148934dd5a784a3bfb99-34dd5a784a3bfb99] com.wipro.service.ResService             : Fetching restaurants with page request: Page request [number: 0, size 20, sort: UNSORTED]
2025-08-15T15:49:08.887+05:30  INFO 18052 --- [Restuarant] [http-nio-8080-exec-8] [689f099c2bc3148934dd5a784a3bfb99-34dd5a784a3bfb99] com.wipro.aop.LoggingAspect              : Exiting method: Page com.wipro.service.ResService.getRes(Pageable) with result: Page 1 of 1 containing com.wipro.entities.Restuarant instances
2025-08-15T15:49:08.888+05:30  INFO 18052 --- [Restuarant] [http-nio-8080-exec-8] [689f099c2bc3148934dd5a784a3bfb99-34dd5a784a3bfb99] com.wipro.aop.LoggingAspect              : Exiting method: Page com.wipro.controllers.ResController.getRes(Pageable) with result: Page 1 of 1 containing com.wipro.entities.Restuarant instances
2025-08-15T15:49:08.895+05:30  WARN 18052 --- [Restuarant] [http-nio-8080-exec-8] [689f099c2bc3148934dd5a784a3bfb99-34dd5a784a3bfb99] ration$PageModule$WarningLoggingModifier : Serializing PageImpl instances as-is is not supported, meaning that there is no guarantee about the stability of the resulting JSON structure!
	For a stable JSON structure, please use Spring Data's PagedModel (globally via @EnableSpringDataWebSupport(pageSerializationMode = VIA_DTO))
	or Spring HATEOAS and Spring Data's PagedResourcesAssembler as documented in https://docs.spring.io/spring-data/commons/reference/repositories/core-extensions.html#core.web.pageables.

2025-08-15T15:49:10.877+05:30  INFO 18052 --- [Restuarant] [AsyncResolver-bootstrap-executor-%d] [                                                 ] c.n.d.s.r.aws.ConfigClusterResolver      : Resolving eureka endpoints via configuration
2025-08-15T15:49:19.821+05:30  INFO 18052 --- [Restuarant] [http-nio-8080-exec-9] [689f09a7a07e546b2818403258ca7e42-2818403258ca7e42] com.wipro.aop.LoggingAspect              : Entering method: Page com.wipro.controllers.ResController.getRes(Pageable) with args: [Page request [number: 0, size 20, sort: UNSORTED]]
2025-08-15T15:49:19.821+05:30  INFO 18052 --- [Restuarant] [http-nio-8080-exec-9] [689f09a7a07e546b2818403258ca7e42-2818403258ca7e42] com.wipro.aop.LoggingAspect              : Entering method: Page com.wipro.service.ResService.getRes(Pageable) with args: [Page request [number: 0, size 20, sort: UNSORTED]]
2025-08-15T15:49:19.821+05:30  INFO 18052 --- [Restuarant] [http-nio-8080-exec-9] [689f09a7a07e546b2818403258ca7e42-2818403258ca7e42] com.wipro.service.ResService             : Fetching restaurants with page request: Page request [number: 0, size 20, sort: UNSORTED]
2025-08-15T15:49:19.829+05:30  INFO 18052 --- [Restuarant] [http-nio-8080-exec-9] [689f09a7a07e546b2818403258ca7e42-2818403258ca7e42] com.wipro.aop.LoggingAspect              : Exiting method: Page com.wipro.service.ResService.getRes(Pageable) with result: Page 1 of 1 containing com.wipro.entities.Restuarant instances
2025-08-15T15:49:19.829+05:30  INFO 18052 --- [Restuarant] [http-nio-8080-exec-9] [689f09a7a07e546b2818403258ca7e42-2818403258ca7e42] com.wipro.aop.LoggingAspect              : Exiting method: Page com.wipro.controllers.ResController.getRes(Pageable) with result: Page 1 of 1 containing com.wipro.entities.Restuarant instances
2025-08-15T15:49:30.916+05:30  INFO 18052 --- [Restuarant] [http-nio-8080-exec-10] [689f09b2c3eae309353ec8414c19100a-353ec8414c19100a] com.wipro.aop.LoggingAspect              : Entering method: Restuarant com.wipro.controllers.ResController.getResById(Long) with args: [1]
2025-08-15T15:49:30.917+05:30  INFO 18052 --- [Restuarant] [http-nio-8080-exec-10] [689f09b2c3eae309353ec8414c19100a-353ec8414c19100a] com.wipro.aop.LoggingAspect              : Entering method: Restuarant com.wipro.service.ResService.getResById(Long) with args: [1]
2025-08-15T15:49:30.917+05:30  INFO 18052 --- [Restuarant] [http-nio-8080-exec-10] [689f09b2c3eae309353ec8414c19100a-353ec8414c19100a] com.wipro.service.ResService             : Fetching restaurant by id: 1
2025-08-15T15:49:30.953+05:30  INFO 18052 --- [Restuarant] [http-nio-8080-exec-10] [689f09b2c3eae309353ec8414c19100a-353ec8414c19100a] com.wipro.aop.LoggingAspect              : Exiting method: Restuarant com.wipro.service.ResService.getResById(Long) with result: Restuarant(resId=1, name=mehfill, address=hyderabad, type=indian)
2025-08-15T15:49:30.954+05:30  INFO 18052 --- [Restuarant] [http-nio-8080-exec-10] [689f09b2c3eae309353ec8414c19100a-353ec8414c19100a] com.wipro.aop.LoggingAspect              : Exiting method: Restuarant com.wipro.controllers.ResController.getResById(Long) with result: Restuarant(resId=1, name=mehfill, address=hyderabad, type=indian)
2025-08-15T15:49:36.858+05:30  INFO 18052 --- [Restuarant] [http-nio-8080-exec-1] [689f09b8799c41259950eae52a59ab2d-9950eae52a59ab2d] com.wipro.aop.LoggingAspect              : Entering method: Restuarant com.wipro.controllers.ResController.getResById(Long) with args: [2]
2025-08-15T15:49:36.859+05:30  INFO 18052 --- [Restuarant] [http-nio-8080-exec-1] [689f09b8799c41259950eae52a59ab2d-9950eae52a59ab2d] com.wipro.aop.LoggingAspect              : Entering method: Restuarant com.wipro.service.ResService.getResById(Long) with args: [2]
2025-08-15T15:49:36.859+05:30  INFO 18052 --- [Restuarant] [http-nio-8080-exec-1] [689f09b8799c41259950eae52a59ab2d-9950eae52a59ab2d] com.wipro.service.ResService             : Fetching restaurant by id: 2
2025-08-15T15:49:36.866+05:30  INFO 18052 --- [Restuarant] [http-nio-8080-exec-1] [689f09b8799c41259950eae52a59ab2d-9950eae52a59ab2d] com.wipro.aop.LoggingAspect              : Exiting method: Restuarant com.wipro.service.ResService.getResById(Long) with result: Restuarant(resId=2, name=lucky, address=andhraPradesh, type=indian)
2025-08-15T15:49:36.866+05:30  INFO 18052 --- [Restuarant] [http-nio-8080-exec-1] [689f09b8799c41259950eae52a59ab2d-9950eae52a59ab2d] com.wipro.aop.LoggingAspect              : Exiting method: Restuarant com.wipro.controllers.ResController.getResById(Long) with result: Restuarant(resId=2, name=lucky, address=andhraPradesh, type=indian)
2025-08-15T15:49:45.281+05:30  INFO 18052 --- [Restuarant] [http-nio-8080-exec-2] [689f09c1af65374d3655592a3c4f24a7-3655592a3c4f24a7] com.wipro.aop.LoggingAspect              : Entering method: void com.wipro.controllers.ResController.deleteRes(Long) with args: [3]
2025-08-15T15:49:45.281+05:30  INFO 18052 --- [Restuarant] [http-nio-8080-exec-2] [689f09c1af65374d3655592a3c4f24a7-3655592a3c4f24a7] com.wipro.aop.LoggingAspect              : Entering method: void com.wipro.service.ResService.deleteres(Long) with args: [3]
2025-08-15T15:49:45.282+05:30  WARN 18052 --- [Restuarant] [http-nio-8080-exec-2] [689f09c1af65374d3655592a3c4f24a7-3655592a3c4f24a7] com.wipro.service.ResService             : Deleting restaurant with id: 3
2025-08-15T15:49:45.298+05:30  INFO 18052 --- [Restuarant] [http-nio-8080-exec-2] [689f09c1af65374d3655592a3c4f24a7-3655592a3c4f24a7] com.wipro.aop.LoggingAspect              : Exiting method: void com.wipro.service.ResService.deleteres(Long) with result: null
2025-08-15T15:49:45.298+05:30  INFO 18052 --- [Restuarant] [http-nio-8080-exec-2] [689f09c1af65374d3655592a3c4f24a7-3655592a3c4f24a7] com.wipro.aop.LoggingAspect              : Exiting method: void com.wipro.controllers.ResController.deleteRes(Long) with result: null
2025-08-15T15:54:10.887+05:30  INFO 18052 --- [Restuarant] [AsyncResolver-bootstrap-executor-%d] [                                                 ] c.n.d.s.r.aws.ConfigClusterResolver      : Resolving eureka endpoints via configuration
2025-08-15T15:54:28.141+05:30  INFO 18052 --- [Restuarant] [File Watcher] [                                                 ] rtingClassPathChangeChangedEventListener : Restarting due to 1 class path change (0 additions, 0 deletions, 1 modification)
2025-08-15T15:54:28.150+05:30  INFO 18052 --- [Restuarant] [Thread-7] [                                                 ] o.s.c.n.e.s.EurekaServiceRegistry        : Unregistering application RESTUARANT with eureka with status DOWN
2025-08-15T15:54:28.150+05:30  INFO 18052 --- [Restuarant] [Thread-7] [                                                 ] com.netflix.discovery.DiscoveryClient    : Saw local status change event StatusChangeEvent [timestamp=1755253468150, current=DOWN, previous=UP]
2025-08-15T15:54:28.151+05:30  INFO 18052 --- [Restuarant] [DiscoveryClient-InstanceInfoReplicator-%d] [                                                 ] com.netflix.discovery.DiscoveryClient    : DiscoveryClient_RESTUARANT/chandu:Restuarant:8080: registering service...
2025-08-15T15:54:28.158+05:30  INFO 18052 --- [Restuarant] [Thread-7] [                                                 ] o.s.b.w.e.tomcat.GracefulShutdown        : Commencing graceful shutdown. Waiting for active requests to complete
2025-08-15T15:54:28.231+05:30  INFO 18052 --- [Restuarant] [DiscoveryClient-InstanceInfoReplicator-%d] [                                                 ] com.netflix.discovery.DiscoveryClient    : DiscoveryClient_RESTUARANT/chandu:Restuarant:8080 - registration status: 204
2025-08-15T15:54:28.242+05:30  INFO 18052 --- [Restuarant] [tomcat-shutdown] [                                                 ] o.s.b.w.e.tomcat.GracefulShutdown        : Graceful shutdown complete
2025-08-15T15:54:28.301+05:30  INFO 18052 --- [Restuarant] [Thread-7] [                                                 ] j.LocalContainerEntityManagerFactoryBean : Closing JPA EntityManagerFactory for persistence unit 'default'
2025-08-15T15:54:28.307+05:30  INFO 18052 --- [Restuarant] [Thread-7] [                                                 ] com.zaxxer.hikari.HikariDataSource       : HikariPool-1 - Shutdown initiated...
2025-08-15T15:54:28.336+05:30  INFO 18052 --- [Restuarant] [Thread-7] [                                                 ] com.zaxxer.hikari.HikariDataSource       : HikariPool-1 - Shutdown completed.
2025-08-15T15:54:28.702+05:30  INFO 18052 --- [Restuarant] [Thread-7] [                                                 ] com.netflix.discovery.DiscoveryClient    : Shutting down DiscoveryClient ...
2025-08-15T15:54:31.717+05:30  INFO 18052 --- [Restuarant] [Thread-7] [                                                 ] com.netflix.discovery.DiscoveryClient    : Unregistering ...
2025-08-15T15:54:31.907+05:30  INFO 18052 --- [Restuarant] [Thread-7] [                                                 ] com.netflix.discovery.DiscoveryClient    : DiscoveryClient_RESTUARANT/chandu:Restuarant:8080 - deregister  status: 200
2025-08-15T15:54:31.908+05:30  INFO 18052 --- [Restuarant] [Thread-7] [                                                 ] com.netflix.discovery.DiscoveryClient    : Completed shut down of DiscoveryClient
2025-08-15T15:54:32.161+05:30  INFO 18052 --- [Restuarant] [restartedMain] [                                                 ] com.wipro.RestuarantApplication          : Starting RestuarantApplication using Java 21.0.7 with PID 18052 (E:\projects-iiht-project\fooddeliveryapp\FoodDeliveryApp\Restuarant\target\classes started by uttam in E:\projects-iiht-project\fooddeliveryapp\FoodDeliveryApp\Restuarant)
2025-08-15T15:54:32.162+05:30  INFO 18052 --- [Restuarant] [restartedMain] [                                                 ] com.wipro.RestuarantApplication          : No active profile set, falling back to 1 default profile: "default"
2025-08-15T15:54:32.725+05:30  INFO 18052 --- [Restuarant] [restartedMain] [                                                 ] .s.d.r.c.RepositoryConfigurationDelegate : Bootstrapping Spring Data JPA repositories in DEFAULT mode.
2025-08-15T15:54:32.740+05:30  INFO 18052 --- [Restuarant] [restartedMain] [                                                 ] .s.d.r.c.RepositoryConfigurationDelegate : Finished Spring Data repository scanning in 12 ms. Found 1 JPA repository interface.
2025-08-15T15:54:32.876+05:30  INFO 18052 --- [Restuarant] [restartedMain] [                                                 ] o.s.cloud.context.scope.GenericScope     : BeanFactory id=36ddf74a-a298-398a-9469-e46471b139fa
2025-08-15T15:54:33.135+05:30  INFO 18052 --- [Restuarant] [restartedMain] [                                                 ] o.s.b.w.embedded.tomcat.TomcatWebServer  : Tomcat initialized with port 8080 (http)
2025-08-15T15:54:33.137+05:30  INFO 18052 --- [Restuarant] [restartedMain] [                                                 ] o.apache.catalina.core.StandardService   : Starting service [Tomcat]
2025-08-15T15:54:33.138+05:30  INFO 18052 --- [Restuarant] [restartedMain] [                                                 ] o.apache.catalina.core.StandardEngine    : Starting Servlet engine: [Apache Tomcat/10.1.43]
2025-08-15T15:54:33.183+05:30  INFO 18052 --- [Restuarant] [restartedMain] [                                                 ] o.a.c.c.C.[Tomcat].[localhost].[/]       : Initializing Spring embedded WebApplicationContext
2025-08-15T15:54:33.183+05:30  INFO 18052 --- [Restuarant] [restartedMain] [                                                 ] w.s.c.ServletWebServerApplicationContext : Root WebApplicationContext: initialization completed in 1017 ms
2025-08-15T15:54:33.425+05:30  INFO 18052 --- [Restuarant] [restartedMain] [                                                 ] o.hibernate.jpa.internal.util.LogHelper  : HHH000204: Processing PersistenceUnitInfo [name: default]
2025-08-15T15:54:33.429+05:30  INFO 18052 --- [Restuarant] [restartedMain] [                                                 ] o.h.c.internal.RegionFactoryInitiator    : HHH000026: Second-level cache disabled
2025-08-15T15:54:33.445+05:30  INFO 18052 --- [Restuarant] [restartedMain] [                                                 ] o.s.o.j.p.SpringPersistenceUnitInfo      : No LoadTimeWeaver setup: ignoring JPA class transformer
2025-08-15T15:54:33.447+05:30  INFO 18052 --- [Restuarant] [restartedMain] [                                                 ] com.zaxxer.hikari.HikariDataSource       : HikariPool-2 - Starting...
2025-08-15T15:54:33.465+05:30  INFO 18052 --- [Restuarant] [restartedMain] [                                                 ] com.zaxxer.hikari.pool.HikariPool        : HikariPool-2 - Added connection com.mysql.cj.jdbc.ConnectionImpl@6c55c1e6
2025-08-15T15:54:33.466+05:30  INFO 18052 --- [Restuarant] [restartedMain] [                                                 ] com.zaxxer.hikari.HikariDataSource       : HikariPool-2 - Start completed.
2025-08-15T15:54:33.468+05:30  WARN 18052 --- [Restuarant] [restartedMain] [                                                 ] org.hibernate.orm.deprecation            : HHH90000025: MySQLDialect does not need to be specified explicitly using 'hibernate.dialect' (remove the property setting and it will be selected by default)
2025-08-15T15:54:33.469+05:30  INFO 18052 --- [Restuarant] [restartedMain] [                                                 ] org.hibernate.orm.connections.pooling    : HHH10001005: Database info:
	Database JDBC URL [Connecting through datasource 'HikariDataSource (HikariPool-2)']
	Database driver: undefined/unknown
	Database version: 8.0.41
	Autocommit mode: undefined/unknown
	Isolation level: undefined/unknown
	Minimum pool size: undefined/unknown
	Maximum pool size: undefined/unknown
2025-08-15T15:54:33.520+05:30  INFO 18052 --- [Restuarant] [restartedMain] [                                                 ] o.h.e.t.j.p.i.JtaPlatformInitiator       : HHH000489: No JTA platform available (set 'hibernate.transaction.jta.platform' to enable JTA platform integration)
2025-08-15T15:54:33.565+05:30  INFO 18052 --- [Restuarant] [restartedMain] [                                                 ] j.LocalContainerEntityManagerFactoryBean : Initialized JPA EntityManagerFactory for persistence unit 'default'
2025-08-15T15:54:33.760+05:30  WARN 18052 --- [Restuarant] [restartedMain] [                                                 ] JpaBaseConfiguration$JpaWebConfiguration : spring.jpa.open-in-view is enabled by default. Therefore, database queries may be performed during view rendering. Explicitly configure spring.jpa.open-in-view to disable this warning
2025-08-15T15:54:34.298+05:30  INFO 18052 --- [Restuarant] [restartedMain] [                                                 ] o.s.b.d.a.OptionalLiveReloadServer       : LiveReload server is running on port 35729
2025-08-15T15:54:34.346+05:30  INFO 18052 --- [Restuarant] [restartedMain] [                                                 ] DiscoveryClientOptionalArgsConfiguration : Eureka HTTP Client uses RestTemplate.
2025-08-15T15:54:34.396+05:30  WARN 18052 --- [Restuarant] [restartedMain] [                                                 ] iguration$LoadBalancerCaffeineWarnLogger : Spring Cloud LoadBalancer is currently working with the default cache. While this cache implementation is useful for development and tests, it's recommended to use Caffeine cache in production.You can switch to using Caffeine cache, by adding it and org.springframework.cache.caffeine.CaffeineCacheManager to the classpath.
2025-08-15T15:54:34.405+05:30  INFO 18052 --- [Restuarant] [restartedMain] [                                                 ] o.s.b.a.e.web.EndpointLinksResolver      : Exposing 18 endpoints beneath base path '/actuator'
2025-08-15T15:54:34.458+05:30  INFO 18052 --- [Restuarant] [restartedMain] [                                                 ] o.s.c.n.eureka.InstanceInfoFactory       : Setting initial instance status as: STARTING
2025-08-15T15:54:34.462+05:30  INFO 18052 --- [Restuarant] [restartedMain] [                                                 ] com.netflix.discovery.DiscoveryClient    : Initializing Eureka in region us-east-1
2025-08-15T15:54:34.462+05:30  INFO 18052 --- [Restuarant] [restartedMain] [                                                 ] c.n.d.s.r.aws.ConfigClusterResolver      : Resolving eureka endpoints via configuration
2025-08-15T15:54:34.462+05:30  INFO 18052 --- [Restuarant] [restartedMain] [                                                 ] com.netflix.discovery.DiscoveryClient    : Disable delta property : false
2025-08-15T15:54:34.463+05:30  INFO 18052 --- [Restuarant] [restartedMain] [                                                 ] com.netflix.discovery.DiscoveryClient    : Single vip registry refresh property : null
2025-08-15T15:54:34.463+05:30  INFO 18052 --- [Restuarant] [restartedMain] [                                                 ] com.netflix.discovery.DiscoveryClient    : Force full registry fetch : false
2025-08-15T15:54:34.463+05:30  INFO 18052 --- [Restuarant] [restartedMain] [                                                 ] com.netflix.discovery.DiscoveryClient    : Application is null : false
2025-08-15T15:54:34.463+05:30  INFO 18052 --- [Restuarant] [restartedMain] [                                                 ] com.netflix.discovery.DiscoveryClient    : Registered Applications size is zero : true
2025-08-15T15:54:34.463+05:30  INFO 18052 --- [Restuarant] [restartedMain] [                                                 ] com.netflix.discovery.DiscoveryClient    : Application version is -1: true
2025-08-15T15:54:34.463+05:30  INFO 18052 --- [Restuarant] [restartedMain] [                                                 ] com.netflix.discovery.DiscoveryClient    : Getting all instance registry info from the eureka server
2025-08-15T15:54:34.503+05:30  INFO 18052 --- [Restuarant] [restartedMain] [                                                 ] com.netflix.discovery.DiscoveryClient    : The response status is 200
2025-08-15T15:54:34.504+05:30  INFO 18052 --- [Restuarant] [restartedMain] [                                                 ] com.netflix.discovery.DiscoveryClient    : Starting heartbeat executor: renew interval is: 30
2025-08-15T15:54:34.504+05:30  INFO 18052 --- [Restuarant] [restartedMain] [                                                 ] c.n.discovery.InstanceInfoReplicator     : InstanceInfoReplicator onDemand update allowed rate per min is 4
2025-08-15T15:54:34.505+05:30  INFO 18052 --- [Restuarant] [restartedMain] [                                                 ] com.netflix.discovery.DiscoveryClient    : Discovery Client initialized at timestamp 1755253474505 with initial instances count: 2
2025-08-15T15:54:34.510+05:30  INFO 18052 --- [Restuarant] [restartedMain] [                                                 ] o.s.c.n.e.s.EurekaServiceRegistry        : Registering application RESTUARANT with eureka with status UP
2025-08-15T15:54:34.511+05:30  INFO 18052 --- [Restuarant] [restartedMain] [                                                 ] com.netflix.discovery.DiscoveryClient    : Saw local status change event StatusChangeEvent [timestamp=1755253474511, current=UP, previous=STARTING]
2025-08-15T15:54:34.511+05:30  INFO 18052 --- [Restuarant] [DiscoveryClient-InstanceInfoReplicator-%d] [                                                 ] com.netflix.discovery.DiscoveryClient    : DiscoveryClient_RESTUARANT/chandu:Restuarant:8080: registering service...
2025-08-15T15:54:34.516+05:30  INFO 18052 --- [Restuarant] [restartedMain] [                                                 ] o.s.b.w.embedded.tomcat.TomcatWebServer  : Tomcat started on port 8080 (http) with context path '/'
2025-08-15T15:54:34.517+05:30  INFO 18052 --- [Restuarant] [restartedMain] [                                                 ] .s.c.n.e.s.EurekaAutoServiceRegistration : Updating port to 8080
2025-08-15T15:54:34.528+05:30  INFO 18052 --- [Restuarant] [DiscoveryClient-InstanceInfoReplicator-%d] [                                                 ] com.netflix.discovery.DiscoveryClient    : DiscoveryClient_RESTUARANT/chandu:Restuarant:8080 - registration status: 204
2025-08-15T15:54:34.541+05:30  INFO 18052 --- [Restuarant] [restartedMain] [                                                 ] com.wipro.RestuarantApplication          : Started RestuarantApplication in 2.457 seconds (process running for 2133.457)
2025-08-15T15:54:34.547+05:30  INFO 18052 --- [Restuarant] [restartedMain] [                                                 ] .ConditionEvaluationDeltaLoggingListener : Condition evaluation unchanged
2025-08-15T15:54:35.519+05:30  WARN 18052 --- [Restuarant] [AsyncReporter{ZipkinHttpClientSender{http://localhost:9411/api/v2/spans}}] [                                                 ] z.r.i.AsyncReporter$BoundedAsyncReporter : Spans were dropped due to exceptions. All subsequent errors will be logged at FINE level.
2025-08-15T15:54:35.519+05:30  WARN 18052 --- [Restuarant] [AsyncReporter{ZipkinHttpClientSender{http://localhost:9411/api/v2/spans}}] [                                                 ] z.r.i.AsyncReporter$BoundedAsyncReporter : Dropped 2 spans due to ConnectException()

java.net.ConnectException: null
	at java.net.http/jdk.internal.net.http.HttpClientImpl.send(HttpClientImpl.java:952) ~[java.net.http:na]
	at java.net.http/jdk.internal.net.http.HttpClientFacade.send(HttpClientFacade.java:133) ~[java.net.http:na]
	at org.springframework.boot.actuate.autoconfigure.tracing.zipkin.ZipkinHttpClientSender.postSpans(ZipkinHttpClientSender.java:60) ~[spring-boot-actuator-autoconfigure-3.5.4.jar:3.5.4]
	at org.springframework.boot.actuate.autoconfigure.tracing.zipkin.HttpSender.postSpans(HttpSender.java:69) ~[spring-boot-actuator-autoconfigure-3.5.4.jar:3.5.4]
	at org.springframework.boot.actuate.autoconfigure.tracing.zipkin.HttpSender.postSpans(HttpSender.java:41) ~[spring-boot-actuator-autoconfigure-3.5.4.jar:3.5.4]
	at zipkin2.reporter.BaseHttpSender.send(BaseHttpSender.java:123) ~[zipkin-reporter-3.5.1.jar:na]
	at zipkin2.reporter.internal.AsyncReporter$BoundedAsyncReporter.flush(AsyncReporter.java:266) ~[zipkin-reporter-3.5.1.jar:na]
	at zipkin2.reporter.internal.AsyncReporter$Flusher.run(AsyncReporter.java:352) ~[zipkin-reporter-3.5.1.jar:na]
	at java.base/java.lang.Thread.run(Thread.java:1583) ~[na:na]
Caused by: java.net.ConnectException: null
	at java.net.http/jdk.internal.net.http.common.Utils.toConnectException(Utils.java:1041) ~[java.net.http:na]
	at java.net.http/jdk.internal.net.http.PlainHttpConnection.connectAsync(PlainHttpConnection.java:227) ~[java.net.http:na]
	at java.net.http/jdk.internal.net.http.PlainHttpConnection.checkRetryConnect(PlainHttpConnection.java:280) ~[java.net.http:na]
	at java.net.http/jdk.internal.net.http.PlainHttpConnection.lambda$connectAsync$2(PlainHttpConnection.java:238) ~[java.net.http:na]
	at java.base/java.util.concurrent.CompletableFuture.uniHandle(CompletableFuture.java:934) ~[na:na]
	at java.base/java.util.concurrent.CompletableFuture$UniHandle.tryFire(CompletableFuture.java:911) ~[na:na]
	at java.base/java.util.concurrent.CompletableFuture.postComplete(CompletableFuture.java:510) ~[na:na]
	at java.base/java.util.concurrent.CompletableFuture$AsyncSupply.run(CompletableFuture.java:1773) ~[na:na]
	at java.base/java.util.concurrent.ThreadPoolExecutor.runWorker(ThreadPoolExecutor.java:1144) ~[na:na]
	at java.base/java.util.concurrent.ThreadPoolExecutor$Worker.run(ThreadPoolExecutor.java:642) ~[na:na]
	... 1 common frames omitted
Caused by: java.nio.channels.ClosedChannelException: null
	at java.base/sun.nio.ch.SocketChannelImpl.ensureOpen(SocketChannelImpl.java:202) ~[na:na]
	at java.base/sun.nio.ch.SocketChannelImpl.beginConnect(SocketChannelImpl.java:786) ~[na:na]
	at java.base/sun.nio.ch.SocketChannelImpl.connect(SocketChannelImpl.java:874) ~[na:na]
	at java.net.http/jdk.internal.net.http.PlainHttpConnection.lambda$connectAsync$1(PlainHttpConnection.java:210) ~[java.net.http:na]
	at java.base/java.security.AccessController.doPrivileged(AccessController.java:571) ~[na:na]
	at java.net.http/jdk.internal.net.http.PlainHttpConnection.connectAsync(PlainHttpConnection.java:212) ~[java.net.http:na]
	... 9 common frames omitted

2025-08-15T15:57:27.924+05:30  INFO 18052 --- [Restuarant] [RMI TCP Connection(53)-127.0.0.1] [                                                 ] inMXBeanRegistrar$SpringApplicationAdmin : Application shutdown requested.
2025-08-15T15:57:27.926+05:30  INFO 18052 --- [Restuarant] [RMI TCP Connection(53)-127.0.0.1] [                                                 ] o.s.c.n.e.s.EurekaServiceRegistry        : Unregistering application RESTUARANT with eureka with status DOWN
2025-08-15T15:57:27.926+05:30  INFO 18052 --- [Restuarant] [RMI TCP Connection(53)-127.0.0.1] [                                                 ] com.netflix.discovery.DiscoveryClient    : Saw local status change event StatusChangeEvent [timestamp=1755253647926, current=DOWN, previous=UP]
2025-08-15T15:57:27.926+05:30  INFO 18052 --- [Restuarant] [DiscoveryClient-InstanceInfoReplicator-%d] [                                                 ] com.netflix.discovery.DiscoveryClient    : DiscoveryClient_RESTUARANT/chandu:Restuarant:8080: registering service...
2025-08-15T15:57:27.928+05:30  INFO 18052 --- [Restuarant] [RMI TCP Connection(53)-127.0.0.1] [                                                 ] o.s.b.w.e.tomcat.GracefulShutdown        : Commencing graceful shutdown. Waiting for active requests to complete
2025-08-15T15:57:27.939+05:30  INFO 18052 --- [Restuarant] [DiscoveryClient-InstanceInfoReplicator-%d] [                                                 ] com.netflix.discovery.DiscoveryClient    : DiscoveryClient_RESTUARANT/chandu:Restuarant:8080 - registration status: 204
2025-08-15T15:57:27.948+05:30  INFO 18052 --- [Restuarant] [tomcat-shutdown] [                                                 ] o.s.b.w.e.tomcat.GracefulShutdown        : Graceful shutdown complete
2025-08-15T15:57:27.953+05:30  INFO 18052 --- [Restuarant] [RMI TCP Connection(53)-127.0.0.1] [                                                 ] j.LocalContainerEntityManagerFactoryBean : Closing JPA EntityManagerFactory for persistence unit 'default'
2025-08-15T15:57:27.953+05:30  INFO 18052 --- [Restuarant] [RMI TCP Connection(53)-127.0.0.1] [                                                 ] com.zaxxer.hikari.HikariDataSource       : HikariPool-2 - Shutdown initiated...
2025-08-15T15:57:27.956+05:30  INFO 18052 --- [Restuarant] [RMI TCP Connection(53)-127.0.0.1] [                                                 ] com.zaxxer.hikari.HikariDataSource       : HikariPool-2 - Shutdown completed.
2025-08-15T15:57:28.517+05:30  INFO 18052 --- [Restuarant] [RMI TCP Connection(53)-127.0.0.1] [                                                 ] com.netflix.discovery.DiscoveryClient    : Shutting down DiscoveryClient ...
