2025-08-15T00:00:40.250+05:30  INFO 9576 --- [MenuService] [File Watcher] rtingClassPathChangeChangedEventListener : Restarting due to 1 class path change (0 additions, 0 deletions, 1 modification)
2025-08-15T00:00:40.263+05:30  INFO 9576 --- [MenuService] [Thread-25] o.s.c.n.e.s.EurekaServiceRegistry        : Unregistering application MENUSERVICE with eureka with status DOWN
2025-08-15T00:00:40.263+05:30  INFO 9576 --- [MenuService] [Thread-25] com.netflix.discovery.DiscoveryClient    : Saw local status change event StatusChangeEvent [timestamp=1755196240263, current=DOWN, previous=UP]
2025-08-15T00:00:40.265+05:30  INFO 9576 --- [MenuService] [DiscoveryClient-InstanceInfoReplicator-%d] com.netflix.discovery.DiscoveryClient    : DiscoveryClient_MENUSERVICE/chandu:MenuService:8085: registering service...
2025-08-15T00:00:40.266+05:30  INFO 9576 --- [MenuService] [Thread-25] o.s.b.w.e.tomcat.GracefulShutdown        : Commencing graceful shutdown. Waiting for active requests to complete
2025-08-15T00:00:40.278+05:30  INFO 9576 --- [MenuService] [DiscoveryClient-InstanceInfoReplicator-%d] com.netflix.discovery.DiscoveryClient    : DiscoveryClient_MENUSERVICE/chandu:MenuService:8085 - registration status: 204
2025-08-15T00:00:40.285+05:30  INFO 9576 --- [MenuService] [tomcat-shutdown] o.s.b.w.e.tomcat.GracefulShutdown        : Graceful shutdown complete
2025-08-15T00:00:40.288+05:30  INFO 9576 --- [MenuService] [Thread-25] j.LocalContainerEntityManagerFactoryBean : Closing JPA EntityManagerFactory for persistence unit 'default'
2025-08-15T00:00:40.289+05:30  INFO 9576 --- [MenuService] [Thread-25] com.zaxxer.hikari.HikariDataSource       : HikariPool-5 - Shutdown initiated...
2025-08-15T00:00:40.292+05:30  INFO 9576 --- [MenuService] [Thread-25] com.zaxxer.hikari.HikariDataSource       : HikariPool-5 - Shutdown completed.
2025-08-15T00:00:40.292+05:30  INFO 9576 --- [MenuService] [Thread-25] com.netflix.discovery.DiscoveryClient    : Shutting down DiscoveryClient ...
2025-08-15T00:00:43.308+05:30  INFO 9576 --- [MenuService] [Thread-25] com.netflix.discovery.DiscoveryClient    : Unregistering ...
2025-08-15T00:00:43.327+05:30  INFO 9576 --- [MenuService] [Thread-25] com.netflix.discovery.DiscoveryClient    : DiscoveryClient_MENUSERVICE/chandu:MenuService:8085 - deregister  status: 200
2025-08-15T00:00:43.328+05:30  INFO 9576 --- [MenuService] [Thread-25] com.netflix.discovery.DiscoveryClient    : Completed shut down of DiscoveryClient
2025-08-15T00:00:43.456+05:30  INFO 9576 --- [MenuService] [restartedMain] com.wipro.MenuServiceApplication         : Starting MenuServiceApplication using Java 21.0.7 with PID 9576 (E:\projects-iiht-project\fooddeliveryapp\FoodDeliveryApp\MenuService\target\classes started by uttam in E:\projects-iiht-project\fooddeliveryapp\FoodDeliveryApp\MenuService)
2025-08-15T00:00:43.456+05:30  INFO 9576 --- [MenuService] [restartedMain] com.wipro.MenuServiceApplication         : No active profile set, falling back to 1 default profile: "default"
2025-08-15T00:00:43.780+05:30  INFO 9576 --- [MenuService] [restartedMain] .s.d.r.c.RepositoryConfigurationDelegate : Bootstrapping Spring Data JPA repositories in DEFAULT mode.
2025-08-15T00:00:43.788+05:30  INFO 9576 --- [MenuService] [restartedMain] .s.d.r.c.RepositoryConfigurationDelegate : Finished Spring Data repository scanning in 6 ms. Found 1 JPA repository interface.
2025-08-15T00:00:43.871+05:30  INFO 9576 --- [MenuService] [restartedMain] o.s.cloud.context.scope.GenericScope     : BeanFactory id=cd70f752-3e8a-3fcc-9353-2fb3a0a1d2af
2025-08-15T00:00:43.941+05:30  INFO 9576 --- [MenuService] [restartedMain] o.s.b.w.embedded.tomcat.TomcatWebServer  : Tomcat initialized with port 8085 (http)
2025-08-15T00:00:43.942+05:30  INFO 9576 --- [MenuService] [restartedMain] o.apache.catalina.core.StandardService   : Starting service [Tomcat]
2025-08-15T00:00:43.942+05:30  INFO 9576 --- [MenuService] [restartedMain] o.apache.catalina.core.StandardEngine    : Starting Servlet engine: [Apache Tomcat/10.1.43]
2025-08-15T00:00:43.986+05:30  INFO 9576 --- [MenuService] [restartedMain] o.a.c.c.C.[Tomcat].[localhost].[/]       : Initializing Spring embedded WebApplicationContext
2025-08-15T00:00:43.986+05:30  INFO 9576 --- [MenuService] [restartedMain] w.s.c.ServletWebServerApplicationContext : Root WebApplicationContext: initialization completed in 529 ms
2025-08-15T00:00:44.065+05:30  INFO 9576 --- [MenuService] [restartedMain] o.hibernate.jpa.internal.util.LogHelper  : HHH000204: Processing PersistenceUnitInfo [name: default]
2025-08-15T00:00:44.068+05:30  INFO 9576 --- [MenuService] [restartedMain] o.h.c.internal.RegionFactoryInitiator    : HHH000026: Second-level cache disabled
2025-08-15T00:00:44.076+05:30  INFO 9576 --- [MenuService] [restartedMain] o.s.o.j.p.SpringPersistenceUnitInfo      : No LoadTimeWeaver setup: ignoring JPA class transformer
2025-08-15T00:00:44.077+05:30  INFO 9576 --- [MenuService] [restartedMain] com.zaxxer.hikari.HikariDataSource       : HikariPool-6 - Starting...
2025-08-15T00:00:44.089+05:30  INFO 9576 --- [MenuService] [restartedMain] com.zaxxer.hikari.pool.HikariPool        : HikariPool-6 - Added connection com.mysql.cj.jdbc.ConnectionImpl@bd2d038
2025-08-15T00:00:44.089+05:30  INFO 9576 --- [MenuService] [restartedMain] com.zaxxer.hikari.HikariDataSource       : HikariPool-6 - Start completed.
2025-08-15T00:00:44.091+05:30  WARN 9576 --- [MenuService] [restartedMain] org.hibernate.orm.deprecation            : HHH90000025: MySQLDialect does not need to be specified explicitly using 'hibernate.dialect' (remove the property setting and it will be selected by default)
2025-08-15T00:00:44.091+05:30  INFO 9576 --- [MenuService] [restartedMain] org.hibernate.orm.connections.pooling    : HHH10001005: Database info:
	Database JDBC URL [Connecting through datasource 'HikariDataSource (HikariPool-6)']
	Database driver: undefined/unknown
	Database version: 8.0.41
	Autocommit mode: undefined/unknown
	Isolation level: undefined/unknown
	Minimum pool size: undefined/unknown
	Maximum pool size: undefined/unknown
2025-08-15T00:00:44.131+05:30  INFO 9576 --- [MenuService] [restartedMain] o.h.e.t.j.p.i.JtaPlatformInitiator       : HHH000489: No JTA platform available (set 'hibernate.transaction.jta.platform' to enable JTA platform integration)
2025-08-15T00:00:44.142+05:30  INFO 9576 --- [MenuService] [restartedMain] j.LocalContainerEntityManagerFactoryBean : Initialized JPA EntityManagerFactory for persistence unit 'default'
2025-08-15T00:00:44.208+05:30  WARN 9576 --- [MenuService] [restartedMain] JpaBaseConfiguration$JpaWebConfiguration : spring.jpa.open-in-view is enabled by default. Therefore, database queries may be performed during view rendering. Explicitly configure spring.jpa.open-in-view to disable this warning
2025-08-15T00:00:44.222+05:30  WARN 9576 --- [MenuService] [restartedMain] o.s.b.d.a.OptionalLiveReloadServer       : Unable to start LiveReload server
2025-08-15T00:00:44.254+05:30  INFO 9576 --- [MenuService] [restartedMain] o.s.c.openfeign.FeignClientFactoryBean   : For 'Restuarant' URL not provided. Will try picking an instance via load-balancing.
2025-08-15T00:00:44.472+05:30  INFO 9576 --- [MenuService] [restartedMain] DiscoveryClientOptionalArgsConfiguration : Eureka HTTP Client uses RestTemplate.
2025-08-15T00:00:44.488+05:30  WARN 9576 --- [MenuService] [restartedMain] iguration$LoadBalancerCaffeineWarnLogger : Spring Cloud LoadBalancer is currently working with the default cache. While this cache implementation is useful for development and tests, it's recommended to use Caffeine cache in production.You can switch to using Caffeine cache, by adding it and org.springframework.cache.caffeine.CaffeineCacheManager to the classpath.
2025-08-15T00:00:44.493+05:30  INFO 9576 --- [MenuService] [restartedMain] o.s.b.a.e.web.EndpointLinksResolver      : Exposing 1 endpoint beneath base path '/actuator'
2025-08-15T00:00:44.522+05:30  INFO 9576 --- [MenuService] [restartedMain] o.s.c.n.eureka.InstanceInfoFactory       : Setting initial instance status as: STARTING
2025-08-15T00:00:44.526+05:30  INFO 9576 --- [MenuService] [restartedMain] com.netflix.discovery.DiscoveryClient    : Initializing Eureka in region us-east-1
2025-08-15T00:00:44.526+05:30  INFO 9576 --- [MenuService] [restartedMain] c.n.d.s.r.aws.ConfigClusterResolver      : Resolving eureka endpoints via configuration
2025-08-15T00:00:44.526+05:30  INFO 9576 --- [MenuService] [restartedMain] com.netflix.discovery.DiscoveryClient    : Disable delta property : false
2025-08-15T00:00:44.526+05:30  INFO 9576 --- [MenuService] [restartedMain] com.netflix.discovery.DiscoveryClient    : Single vip registry refresh property : null
2025-08-15T00:00:44.526+05:30  INFO 9576 --- [MenuService] [restartedMain] com.netflix.discovery.DiscoveryClient    : Force full registry fetch : false
2025-08-15T00:00:44.526+05:30  INFO 9576 --- [MenuService] [restartedMain] com.netflix.discovery.DiscoveryClient    : Application is null : false
2025-08-15T00:00:44.526+05:30  INFO 9576 --- [MenuService] [restartedMain] com.netflix.discovery.DiscoveryClient    : Registered Applications size is zero : true
2025-08-15T00:00:44.527+05:30  INFO 9576 --- [MenuService] [restartedMain] com.netflix.discovery.DiscoveryClient    : Application version is -1: true
2025-08-15T00:00:44.527+05:30  INFO 9576 --- [MenuService] [restartedMain] com.netflix.discovery.DiscoveryClient    : Getting all instance registry info from the eureka server
2025-08-15T00:00:44.547+05:30  INFO 9576 --- [MenuService] [restartedMain] com.netflix.discovery.DiscoveryClient    : The response status is 200
2025-08-15T00:00:44.547+05:30  INFO 9576 --- [MenuService] [restartedMain] com.netflix.discovery.DiscoveryClient    : Starting heartbeat executor: renew interval is: 30
2025-08-15T00:00:44.548+05:30  INFO 9576 --- [MenuService] [restartedMain] c.n.discovery.InstanceInfoReplicator     : InstanceInfoReplicator onDemand update allowed rate per min is 4
2025-08-15T00:00:44.548+05:30  INFO 9576 --- [MenuService] [restartedMain] com.netflix.discovery.DiscoveryClient    : Discovery Client initialized at timestamp 1755196244548 with initial instances count: 3
2025-08-15T00:00:44.549+05:30  INFO 9576 --- [MenuService] [restartedMain] o.s.c.n.e.s.EurekaServiceRegistry        : Registering application MENUSERVICE with eureka with status UP
2025-08-15T00:00:44.550+05:30  INFO 9576 --- [MenuService] [restartedMain] com.netflix.discovery.DiscoveryClient    : Saw local status change event StatusChangeEvent [timestamp=1755196244550, current=UP, previous=STARTING]
2025-08-15T00:00:44.550+05:30  INFO 9576 --- [MenuService] [DiscoveryClient-InstanceInfoReplicator-%d] com.netflix.discovery.DiscoveryClient    : DiscoveryClient_MENUSERVICE/chandu:MenuService:8085: registering service...
2025-08-15T00:00:44.554+05:30  INFO 9576 --- [MenuService] [restartedMain] o.s.b.w.embedded.tomcat.TomcatWebServer  : Tomcat started on port 8085 (http) with context path '/'
2025-08-15T00:00:44.555+05:30  INFO 9576 --- [MenuService] [restartedMain] .s.c.n.e.s.EurekaAutoServiceRegistration : Updating port to 8085
2025-08-15T00:00:44.570+05:30  INFO 9576 --- [MenuService] [DiscoveryClient-InstanceInfoReplicator-%d] com.netflix.discovery.DiscoveryClient    : DiscoveryClient_MENUSERVICE/chandu:MenuService:8085 - registration status: 204
2025-08-15T00:00:44.584+05:30  INFO 9576 --- [MenuService] [restartedMain] com.wipro.MenuServiceApplication         : Started MenuServiceApplication in 1.175 seconds (process running for 1025.318)
2025-08-15T00:00:44.587+05:30  INFO 9576 --- [MenuService] [restartedMain] .ConditionEvaluationDeltaLoggingListener : Condition evaluation unchanged
2025-08-15T00:05:44.529+05:30  INFO 9576 --- [MenuService] [AsyncResolver-bootstrap-executor-%d] c.n.d.s.r.aws.ConfigClusterResolver      : Resolving eureka endpoints via configuration
2025-08-15T00:06:32.959+05:30  INFO 9576 --- [MenuService] [http-nio-8085-exec-1] o.a.c.c.C.[Tomcat].[localhost].[/]       : Initializing Spring DispatcherServlet 'dispatcherServlet'
2025-08-15T00:06:32.959+05:30  INFO 9576 --- [MenuService] [http-nio-8085-exec-1] o.s.web.servlet.DispatcherServlet        : Initializing Servlet 'dispatcherServlet'
2025-08-15T00:06:32.961+05:30  INFO 9576 --- [MenuService] [http-nio-8085-exec-1] o.s.web.servlet.DispatcherServlet        : Completed initialization in 2 ms
2025-08-15T00:10:44.533+05:30  INFO 9576 --- [MenuService] [AsyncResolver-bootstrap-executor-%d] c.n.d.s.r.aws.ConfigClusterResolver      : Resolving eureka endpoints via configuration
2025-08-15T00:15:44.545+05:30  INFO 9576 --- [MenuService] [AsyncResolver-bootstrap-executor-%d] c.n.d.s.r.aws.ConfigClusterResolver      : Resolving eureka endpoints via configuration
2025-08-15T00:20:44.554+05:30  INFO 9576 --- [MenuService] [AsyncResolver-bootstrap-executor-%d] c.n.d.s.r.aws.ConfigClusterResolver      : Resolving eureka endpoints via configuration
2025-08-15T00:25:44.556+05:30  INFO 9576 --- [MenuService] [AsyncResolver-bootstrap-executor-%d] c.n.d.s.r.aws.ConfigClusterResolver      : Resolving eureka endpoints via configuration
2025-08-15T00:30:44.573+05:30  INFO 9576 --- [MenuService] [AsyncResolver-bootstrap-executor-%d] c.n.d.s.r.aws.ConfigClusterResolver      : Resolving eureka endpoints via configuration
2025-08-15T00:35:44.585+05:30  INFO 9576 --- [MenuService] [AsyncResolver-bootstrap-executor-%d] c.n.d.s.r.aws.ConfigClusterResolver      : Resolving eureka endpoints via configuration
2025-08-15T00:40:44.589+05:30  INFO 9576 --- [MenuService] [AsyncResolver-bootstrap-executor-%d] c.n.d.s.r.aws.ConfigClusterResolver      : Resolving eureka endpoints via configuration
2025-08-15T00:45:44.607+05:30  INFO 9576 --- [MenuService] [AsyncResolver-bootstrap-executor-%d] c.n.d.s.r.aws.ConfigClusterResolver      : Resolving eureka endpoints via configuration
2025-08-15T00:50:44.611+05:30  INFO 9576 --- [MenuService] [AsyncResolver-bootstrap-executor-%d] c.n.d.s.r.aws.ConfigClusterResolver      : Resolving eureka endpoints via configuration
2025-08-15T00:55:44.624+05:30  INFO 9576 --- [MenuService] [AsyncResolver-bootstrap-executor-%d] c.n.d.s.r.aws.ConfigClusterResolver      : Resolving eureka endpoints via configuration
2025-08-15T01:00:44.635+05:30  INFO 9576 --- [MenuService] [AsyncResolver-bootstrap-executor-%d] c.n.d.s.r.aws.ConfigClusterResolver      : Resolving eureka endpoints via configuration
2025-08-15T01:02:13.779+05:30  INFO 9576 --- [MenuService] [RMI TCP Connection(102)-127.0.0.1] inMXBeanRegistrar$SpringApplicationAdmin : Application shutdown requested.
2025-08-15T01:02:13.820+05:30  INFO 9576 --- [MenuService] [RMI TCP Connection(102)-127.0.0.1] o.s.c.n.e.s.EurekaServiceRegistry        : Unregistering application MENUSERVICE with eureka with status DOWN
2025-08-15T01:02:13.822+05:30  INFO 9576 --- [MenuService] [RMI TCP Connection(102)-127.0.0.1] com.netflix.discovery.DiscoveryClient    : Saw local status change event StatusChangeEvent [timestamp=1755199933821, current=DOWN, previous=UP]
2025-08-15T01:02:13.825+05:30  INFO 9576 --- [MenuService] [DiscoveryClient-InstanceInfoReplicator-%d] com.netflix.discovery.DiscoveryClient    : DiscoveryClient_MENUSERVICE/chandu:MenuService:8085: registering service...
2025-08-15T01:02:13.842+05:30  INFO 9576 --- [MenuService] [RMI TCP Connection(102)-127.0.0.1] o.s.b.w.e.tomcat.GracefulShutdown        : Commencing graceful shutdown. Waiting for active requests to complete
2025-08-15T01:02:13.859+05:30  INFO 9576 --- [MenuService] [DiscoveryClient-InstanceInfoReplicator-%d] com.netflix.discovery.DiscoveryClient    : DiscoveryClient_MENUSERVICE/chandu:MenuService:8085 - registration status: 204
2025-08-15T01:02:13.871+05:30  INFO 9576 --- [MenuService] [tomcat-shutdown] o.s.b.w.e.tomcat.GracefulShutdown        : Graceful shutdown complete
2025-08-15T01:02:13.904+05:30  INFO 9576 --- [MenuService] [RMI TCP Connection(102)-127.0.0.1] j.LocalContainerEntityManagerFactoryBean : Closing JPA EntityManagerFactory for persistence unit 'default'
2025-08-15T01:02:13.921+05:30  INFO 9576 --- [MenuService] [RMI TCP Connection(102)-127.0.0.1] com.zaxxer.hikari.HikariDataSource       : HikariPool-6 - Shutdown initiated...
2025-08-15T01:02:13.928+05:30  INFO 9576 --- [MenuService] [RMI TCP Connection(102)-127.0.0.1] com.zaxxer.hikari.HikariDataSource       : HikariPool-6 - Shutdown completed.
2025-08-15T01:02:13.931+05:30  INFO 9576 --- [MenuService] [RMI TCP Connection(102)-127.0.0.1] com.netflix.discovery.DiscoveryClient    : Shutting down DiscoveryClient ...
2025-08-15T01:02:57.016+05:30  INFO 18624 --- [MenuService] [restartedMain] com.wipro.MenuServiceApplication         : Starting MenuServiceApplication using Java 21.0.7 with PID 18624 (E:\projects-iiht-project\fooddeliveryapp\FoodDeliveryApp\MenuService\target\classes started by uttam in E:\projects-iiht-project\fooddeliveryapp\FoodDeliveryApp\MenuService)
2025-08-15T01:02:57.018+05:30  INFO 18624 --- [MenuService] [restartedMain] com.wipro.MenuServiceApplication         : No active profile set, falling back to 1 default profile: "default"
2025-08-15T01:02:57.069+05:30  INFO 18624 --- [MenuService] [restartedMain] .e.DevToolsPropertyDefaultsPostProcessor : Devtools property defaults active! Set 'spring.devtools.add-properties' to 'false' to disable
2025-08-15T01:02:57.069+05:30  INFO 18624 --- [MenuService] [restartedMain] .e.DevToolsPropertyDefaultsPostProcessor : For additional web related logging consider setting the 'logging.level.web' property to 'DEBUG'
2025-08-15T01:02:58.309+05:30  INFO 18624 --- [MenuService] [restartedMain] .s.d.r.c.RepositoryConfigurationDelegate : Bootstrapping Spring Data JPA repositories in DEFAULT mode.
2025-08-15T01:02:58.452+05:30  INFO 18624 --- [MenuService] [restartedMain] .s.d.r.c.RepositoryConfigurationDelegate : Finished Spring Data repository scanning in 135 ms. Found 1 JPA repository interface.
2025-08-15T01:02:58.684+05:30  INFO 18624 --- [MenuService] [restartedMain] o.s.cloud.context.scope.GenericScope     : BeanFactory id=cd70f752-3e8a-3fcc-9353-2fb3a0a1d2af
2025-08-15T01:02:59.212+05:30  INFO 18624 --- [MenuService] [restartedMain] o.s.b.w.embedded.tomcat.TomcatWebServer  : Tomcat initialized with port 8085 (http)
2025-08-15T01:02:59.226+05:30  INFO 18624 --- [MenuService] [restartedMain] o.apache.catalina.core.StandardService   : Starting service [Tomcat]
2025-08-15T01:02:59.226+05:30  INFO 18624 --- [MenuService] [restartedMain] o.apache.catalina.core.StandardEngine    : Starting Servlet engine: [Apache Tomcat/10.1.43]
2025-08-15T01:02:59.294+05:30  INFO 18624 --- [MenuService] [restartedMain] o.a.c.c.C.[Tomcat].[localhost].[/]       : Initializing Spring embedded WebApplicationContext
2025-08-15T01:02:59.295+05:30  INFO 18624 --- [MenuService] [restartedMain] w.s.c.ServletWebServerApplicationContext : Root WebApplicationContext: initialization completed in 2225 ms
2025-08-15T01:02:59.640+05:30  INFO 18624 --- [MenuService] [restartedMain] o.hibernate.jpa.internal.util.LogHelper  : HHH000204: Processing PersistenceUnitInfo [name: default]
2025-08-15T01:02:59.688+05:30  INFO 18624 --- [MenuService] [restartedMain] org.hibernate.Version                    : HHH000412: Hibernate ORM core version 6.6.22.Final
2025-08-15T01:02:59.726+05:30  INFO 18624 --- [MenuService] [restartedMain] o.h.c.internal.RegionFactoryInitiator    : HHH000026: Second-level cache disabled
2025-08-15T01:02:59.978+05:30  INFO 18624 --- [MenuService] [restartedMain] o.s.o.j.p.SpringPersistenceUnitInfo      : No LoadTimeWeaver setup: ignoring JPA class transformer
2025-08-15T01:03:00.009+05:30  INFO 18624 --- [MenuService] [restartedMain] com.zaxxer.hikari.HikariDataSource       : HikariPool-1 - Starting...
2025-08-15T01:03:00.344+05:30  INFO 18624 --- [MenuService] [restartedMain] com.zaxxer.hikari.pool.HikariPool        : HikariPool-1 - Added connection com.mysql.cj.jdbc.ConnectionImpl@62828001
2025-08-15T01:03:00.347+05:30  INFO 18624 --- [MenuService] [restartedMain] com.zaxxer.hikari.HikariDataSource       : HikariPool-1 - Start completed.
2025-08-15T01:03:00.397+05:30  WARN 18624 --- [MenuService] [restartedMain] org.hibernate.orm.deprecation            : HHH90000025: MySQLDialect does not need to be specified explicitly using 'hibernate.dialect' (remove the property setting and it will be selected by default)
2025-08-15T01:03:00.413+05:30  INFO 18624 --- [MenuService] [restartedMain] org.hibernate.orm.connections.pooling    : HHH10001005: Database info:
	Database JDBC URL [Connecting through datasource 'HikariDataSource (HikariPool-1)']
	Database driver: undefined/unknown
	Database version: 8.0.41
	Autocommit mode: undefined/unknown
	Isolation level: undefined/unknown
	Minimum pool size: undefined/unknown
	Maximum pool size: undefined/unknown
2025-08-15T01:03:01.201+05:30  INFO 18624 --- [MenuService] [restartedMain] o.h.e.t.j.p.i.JtaPlatformInitiator       : HHH000489: No JTA platform available (set 'hibernate.transaction.jta.platform' to enable JTA platform integration)
2025-08-15T01:03:01.253+05:30  INFO 18624 --- [MenuService] [restartedMain] j.LocalContainerEntityManagerFactoryBean : Initialized JPA EntityManagerFactory for persistence unit 'default'
2025-08-15T01:03:01.609+05:30  WARN 18624 --- [MenuService] [restartedMain] JpaBaseConfiguration$JpaWebConfiguration : spring.jpa.open-in-view is enabled by default. Therefore, database queries may be performed during view rendering. Explicitly configure spring.jpa.open-in-view to disable this warning
2025-08-15T01:03:01.654+05:30  WARN 18624 --- [MenuService] [restartedMain] o.s.b.d.a.OptionalLiveReloadServer       : Unable to start LiveReload server
2025-08-15T01:03:01.708+05:30  INFO 18624 --- [MenuService] [restartedMain] o.s.c.openfeign.FeignClientFactoryBean   : For 'Restuarant' URL not provided. Will try picking an instance via load-balancing.
2025-08-15T01:03:02.361+05:30  INFO 18624 --- [MenuService] [restartedMain] DiscoveryClientOptionalArgsConfiguration : Eureka HTTP Client uses RestTemplate.
2025-08-15T01:03:02.393+05:30  WARN 18624 --- [MenuService] [restartedMain] iguration$LoadBalancerCaffeineWarnLogger : Spring Cloud LoadBalancer is currently working with the default cache. While this cache implementation is useful for development and tests, it's recommended to use Caffeine cache in production.You can switch to using Caffeine cache, by adding it and org.springframework.cache.caffeine.CaffeineCacheManager to the classpath.
2025-08-15T01:03:02.409+05:30  INFO 18624 --- [MenuService] [restartedMain] o.s.b.a.e.web.EndpointLinksResolver      : Exposing 1 endpoint beneath base path '/actuator'
2025-08-15T01:03:02.498+05:30  INFO 18624 --- [MenuService] [restartedMain] o.s.c.n.eureka.InstanceInfoFactory       : Setting initial instance status as: STARTING
2025-08-15T01:03:02.522+05:30  INFO 18624 --- [MenuService] [restartedMain] com.netflix.discovery.DiscoveryClient    : Initializing Eureka in region us-east-1
2025-08-15T01:03:02.526+05:30  INFO 18624 --- [MenuService] [restartedMain] c.n.d.s.r.aws.ConfigClusterResolver      : Resolving eureka endpoints via configuration
2025-08-15T01:03:02.536+05:30  INFO 18624 --- [MenuService] [restartedMain] com.netflix.discovery.DiscoveryClient    : Disable delta property : false
2025-08-15T01:03:02.536+05:30  INFO 18624 --- [MenuService] [restartedMain] com.netflix.discovery.DiscoveryClient    : Single vip registry refresh property : null
2025-08-15T01:03:02.536+05:30  INFO 18624 --- [MenuService] [restartedMain] com.netflix.discovery.DiscoveryClient    : Force full registry fetch : false
2025-08-15T01:03:02.536+05:30  INFO 18624 --- [MenuService] [restartedMain] com.netflix.discovery.DiscoveryClient    : Application is null : false
2025-08-15T01:03:02.536+05:30  INFO 18624 --- [MenuService] [restartedMain] com.netflix.discovery.DiscoveryClient    : Registered Applications size is zero : true
2025-08-15T01:03:02.537+05:30  INFO 18624 --- [MenuService] [restartedMain] com.netflix.discovery.DiscoveryClient    : Application version is -1: true
2025-08-15T01:03:02.537+05:30  INFO 18624 --- [MenuService] [restartedMain] com.netflix.discovery.DiscoveryClient    : Getting all instance registry info from the eureka server
2025-08-15T01:03:02.912+05:30  INFO 18624 --- [MenuService] [restartedMain] com.netflix.discovery.DiscoveryClient    : The response status is 200
2025-08-15T01:03:02.914+05:30  INFO 18624 --- [MenuService] [restartedMain] com.netflix.discovery.DiscoveryClient    : Starting heartbeat executor: renew interval is: 30
2025-08-15T01:03:02.916+05:30  INFO 18624 --- [MenuService] [restartedMain] c.n.discovery.InstanceInfoReplicator     : InstanceInfoReplicator onDemand update allowed rate per min is 4
2025-08-15T01:03:02.918+05:30  INFO 18624 --- [MenuService] [restartedMain] com.netflix.discovery.DiscoveryClient    : Discovery Client initialized at timestamp 1755199982917 with initial instances count: 2
2025-08-15T01:03:02.921+05:30  INFO 18624 --- [MenuService] [restartedMain] o.s.c.n.e.s.EurekaServiceRegistry        : Registering application MENUSERVICE with eureka with status UP
2025-08-15T01:03:02.922+05:30  INFO 18624 --- [MenuService] [restartedMain] com.netflix.discovery.DiscoveryClient    : Saw local status change event StatusChangeEvent [timestamp=1755199982922, current=UP, previous=STARTING]
2025-08-15T01:03:02.924+05:30  INFO 18624 --- [MenuService] [DiscoveryClient-InstanceInfoReplicator-%d] com.netflix.discovery.DiscoveryClient    : DiscoveryClient_MENUSERVICE/chandu:MenuService:8085: registering service...
2025-08-15T01:03:02.946+05:30  INFO 18624 --- [MenuService] [restartedMain] o.s.b.w.embedded.tomcat.TomcatWebServer  : Tomcat started on port 8085 (http) with context path '/'
2025-08-15T01:03:02.947+05:30  INFO 18624 --- [MenuService] [restartedMain] .s.c.n.e.s.EurekaAutoServiceRegistration : Updating port to 8085
2025-08-15T01:03:02.971+05:30  INFO 18624 --- [MenuService] [DiscoveryClient-InstanceInfoReplicator-%d] com.netflix.discovery.DiscoveryClient    : DiscoveryClient_MENUSERVICE/chandu:MenuService:8085 - registration status: 204
2025-08-15T01:03:02.976+05:30  INFO 18624 --- [MenuService] [restartedMain] com.wipro.MenuServiceApplication         : Started MenuServiceApplication in 6.443 seconds (process running for 7.381)
2025-08-15T01:03:03.526+05:30  INFO 18624 --- [MenuService] [RMI TCP Connection(5)-127.0.0.1] o.a.c.c.C.[Tomcat].[localhost].[/]       : Initializing Spring DispatcherServlet 'dispatcherServlet'
2025-08-15T01:03:03.526+05:30  INFO 18624 --- [MenuService] [RMI TCP Connection(5)-127.0.0.1] o.s.web.servlet.DispatcherServlet        : Initializing Servlet 'dispatcherServlet'
2025-08-15T01:03:03.527+05:30  INFO 18624 --- [MenuService] [RMI TCP Connection(5)-127.0.0.1] o.s.web.servlet.DispatcherServlet        : Completed initialization in 1 ms
2025-08-15T01:04:47.642+05:30  INFO 18624 --- [MenuService] [RMI TCP Connection(13)-127.0.0.1] inMXBeanRegistrar$SpringApplicationAdmin : Application shutdown requested.
2025-08-15T01:04:47.643+05:30  INFO 18624 --- [MenuService] [RMI TCP Connection(13)-127.0.0.1] o.s.c.n.e.s.EurekaServiceRegistry        : Unregistering application MENUSERVICE with eureka with status DOWN
2025-08-15T01:04:47.643+05:30  INFO 18624 --- [MenuService] [RMI TCP Connection(13)-127.0.0.1] com.netflix.discovery.DiscoveryClient    : Saw local status change event StatusChangeEvent [timestamp=1755200087643, current=DOWN, previous=UP]
2025-08-15T01:04:47.644+05:30  INFO 18624 --- [MenuService] [DiscoveryClient-InstanceInfoReplicator-%d] com.netflix.discovery.DiscoveryClient    : DiscoveryClient_MENUSERVICE/chandu:MenuService:8085: registering service...
2025-08-15T01:04:47.646+05:30  INFO 18624 --- [MenuService] [RMI TCP Connection(13)-127.0.0.1] o.s.b.w.e.tomcat.GracefulShutdown        : Commencing graceful shutdown. Waiting for active requests to complete
2025-08-15T01:04:47.654+05:30  INFO 18624 --- [MenuService] [DiscoveryClient-InstanceInfoReplicator-%d] com.netflix.discovery.DiscoveryClient    : DiscoveryClient_MENUSERVICE/chandu:MenuService:8085 - registration status: 204
2025-08-15T01:04:47.665+05:30  INFO 18624 --- [MenuService] [tomcat-shutdown] o.s.b.w.e.tomcat.GracefulShutdown        : Graceful shutdown complete
2025-08-15T01:04:47.673+05:30  INFO 18624 --- [MenuService] [RMI TCP Connection(13)-127.0.0.1] j.LocalContainerEntityManagerFactoryBean : Closing JPA EntityManagerFactory for persistence unit 'default'
2025-08-15T01:04:47.676+05:30  INFO 18624 --- [MenuService] [RMI TCP Connection(13)-127.0.0.1] com.zaxxer.hikari.HikariDataSource       : HikariPool-1 - Shutdown initiated...
2025-08-15T01:04:47.683+05:30  INFO 18624 --- [MenuService] [RMI TCP Connection(13)-127.0.0.1] com.zaxxer.hikari.HikariDataSource       : HikariPool-1 - Shutdown completed.
2025-08-15T01:04:47.684+05:30  INFO 18624 --- [MenuService] [RMI TCP Connection(13)-127.0.0.1] com.netflix.discovery.DiscoveryClient    : Shutting down DiscoveryClient ...
